Case 1:
(1,4)
(2,3)
Case 2:
(1,1,3,3,3)
(1,2,2,3,3)
(2,2,2,2,3)
Case 3:
(1,1,1,1,4)
(1,1,1,2,3)
(1,1,2,2,2)
Case 4:
(6,7,7)
Case 5:
(7,10,10,10,10,10)
(8,9,10,10,10,10)
(9,9,9,10,10,10)
Case 6:
(1,9)
(2,8)
(3,7)
(4,6)
(5,5)
Case 7:
(1,1,1)
Case 8:
(3,8,8,8)
(4,7,8,8)
(5,6,8,8)
(5,7,7,8)
(6,6,7,8)
(6,7,7,7)
Case 9:
(1,1,4,6,6,6)
(1,1,5,5,6,6)
(1,2,3,6,6,6)
(1,2,4,5,6,6)
(1,2,5,5,5,6)
(1,3,3,5,6,6)
(1,3,4,4,6,6)
(1,3,4,5,5,6)
(1,3,5,5,5,5)
(1,4,4,4,5,6)
(1,4,4,5,5,5)
(2,2,2,6,6,6)
(2,2,3,5,6,6)
(2,2,4,4,6,6)
(2,2,4,5,5,6)
(2,2,5,5,5,5)
(2,3,3,4,6,6)
(2,3,3,5,5,6)
(2,3,4,4,5,6)
(2,3,4,5,5,5)
(2,4,4,4,4,6)
(2,4,4,4,5,5)
(3,3,3,3,6,6)
(3,3,3,4,5,6)
(3,3,3,5,5,5)
(3,3,4,4,4,6)
(3,3,4,4,5,5)
(3,4,4,4,4,5)
(4,4,4,4,4,4)
Case 10:
(1,1,3,6)
(1,1,4,5)
(1,2,2,6)
(1,2,3,5)
(1,2,4,4)
(1,3,3,4)
(2,2,2,5)
(2,2,3,4)
(2,3,3,3)
Case 11:
(6,10,10,10)
(7,9,10,10)
(8,8,10,10)
(8,9,9,10)
(9,9,9,9)
Case 12:
(1,1,1,7)
(1,1,2,6)
(1,1,3,5)
(1,1,4,4)
(1,2,2,5)
(1,2,3,4)
(1,3,3,3)
(2,2,2,4)
(2,2,3,3)
Case 13:
(1,4)
(2,3)
Case 14:
(1,1,1,5,11,11)
(1,1,1,6,10,11)
(1,1,1,7,9,11)
(1,1,1,7,10,10)
(1,1,1,8,8,11)
(1,1,1,8,9,10)
(1,1,1,9,9,9)
(1,1,2,4,11,11)
(1,1,2,5,10,11)
(1,1,2,6,9,11)
(1,1,2,6,10,10)
(1,1,2,7,8,11)
(1,1,2,7,9,10)
(1,1,2,8,8,10)
(1,1,2,8,9,9)
(1,1,3,3,11,11)
(1,1,3,4,10,11)
(1,1,3,5,9,11)
(1,1,3,5,10,10)
(1,1,3,6,8,11)
(1,1,3,6,9,10)
(1,1,3,7,7,11)
(1,1,3,7,8,10)
(1,1,3,7,9,9)
(1,1,3,8,8,9)
(1,1,4,4,9,11)
(1,1,4,4,10,10)
(1,1,4,5,8,11)
(1,1,4,5,9,10)
(1,1,4,6,7,11)
(1,1,4,6,8,10)
(1,1,4,6,9,9)
(1,1,4,7,7,10)
(1,1,4,7,8,9)
(1,1,4,8,8,8)
(1,1,5,5,7,11)
(1,1,5,5,8,10)
(1,1,5,5,9,9)
(1,1,5,6,6,11)
(1,1,5,6,7,10)
(1,1,5,6,8,9)
(1,1,5,7,7,9)
(1,1,5,7,8,8)
(1,1,6,6,6,10)
(1,1,6,6,7,9)
(1,1,6,6,8,8)
(1,1,6,7,7,8)
(1,1,7,7,7,7)
(1,2,2,3,11,11)
(1,2,2,4,10,11)
(1,2,2,5,9,11)
(1,2,2,5,10,10)
(1,2,2,6,8,11)
(1,2,2,6,9,10)
(1,2,2,7,7,11)
(1,2,2,7,8,10)
(1,2,2,7,9,9)
(1,2,2,8,8,9)
(1,2,3,3,10,11)
(1,2,3,4,9,11)
(1,2,3,4,10,10)
(1,2,3,5,8,11)
(1,2,3,5,9,10)
(1,2,3,6,7,11)
(1,2,3,6,8,10)
(1,2,3,6,9,9)
(1,2,3,7,7,10)
(1,2,3,7,8,9)
(1,2,3,8,8,8)
(1,2,4,4,8,11)
(1,2,4,4,9,10)
(1,2,4,5,7,11)
(1,2,4,5,8,10)
(1,2,4,5,9,9)
(1,2,4,6,6,11)
(1,2,4,6,7,10)
(1,2,4,6,8,9)
(1,2,4,7,7,9)
(1,2,4,7,8,8)
(1,2,5,5,6,11)
(1,2,5,5,7,10)
(1,2,5,5,8,9)
(1,2,5,6,6,10)
(1,2,5,6,7,9)
(1,2,5,6,8,8)
(1,2,5,7,7,8)
(1,2,6,6,6,9)
(1,2,6,6,7,8)
(1,2,6,7,7,7)
(1,3,3,3,9,11)
(1,3,3,3,10,10)
(1,3,3,4,8,11)
(1,3,3,4,9,10)
(1,3,3,5,7,11)
(1,3,3,5,8,10)
(1,3,3,5,9,9)
(1,3,3,6,6,11)
(1,3,3,6,7,10)
(1,3,3,6,8,9)
(1,3,3,7,7,9)
(1,3,3,7,8,8)
(1,3,4,4,7,11)
(1,3,4,4,8,10)
(1,3,4,4,9,9)
(1,3,4,5,6,11)
(1,3,4,5,7,10)
(1,3,4,5,8,9)
(1,3,4,6,6,10)
(1,3,4,6,7,9)
(1,3,4,6,8,8)
(1,3,4,7,7,8)
(1,3,5,5,5,11)
(1,3,5,5,6,10)
(1,3,5,5,7,9)
(1,3,5,5,8,8)
(1,3,5,6,6,9)
(1,3,5,6,7,8)
(1,3,5,7,7,7)
(1,3,6,6,6,8)
(1,3,6,6,7,7)
(1,4,4,4,6,11)
(1,4,4,4,7,10)
(1,4,4,4,8,9)
(1,4,4,5,5,11)
(1,4,4,5,6,10)
(1,4,4,5,7,9)
(1,4,4,5,8,8)
(1,4,4,6,6,9)
(1,4,4,6,7,8)
(1,4,4,7,7,7)
(1,4,5,5,5,10)
(1,4,5,5,6,9)
(1,4,5,5,7,8)
(1,4,5,6,6,8)
(1,4,5,6,7,7)
(1,4,6,6,6,7)
(1,5,5,5,5,9)
(1,5,5,5,6,8)
(1,5,5,5,7,7)
(1,5,5,6,6,7)
(1,5,6,6,6,6)
(2,2,2,2,11,11)
(2,2,2,3,10,11)
(2,2,2,4,9,11)
(2,2,2,4,10,10)
(2,2,2,5,8,11)
(2,2,2,5,9,10)
(2,2,2,6,7,11)
(2,2,2,6,8,10)
(2,2,2,6,9,9)
(2,2,2,7,7,10)
(2,2,2,7,8,9)
(2,2,2,8,8,8)
(2,2,3,3,9,11)
(2,2,3,3,10,10)
(2,2,3,4,8,11)
(2,2,3,4,9,10)
(2,2,3,5,7,11)
(2,2,3,5,8,10)
(2,2,3,5,9,9)
(2,2,3,6,6,11)
(2,2,3,6,7,10)
(2,2,3,6,8,9)
(2,2,3,7,7,9)
(2,2,3,7,8,8)
(2,2,4,4,7,11)
(2,2,4,4,8,10)
(2,2,4,4,9,9)
(2,2,4,5,6,11)
(2,2,4,5,7,10)
(2,2,4,5,8,9)
(2,2,4,6,6,10)
(2,2,4,6,7,9)
(2,2,4,6,8,8)
(2,2,4,7,7,8)
(2,2,5,5,5,11)
(2,2,5,5,6,10)
(2,2,5,5,7,9)
(2,2,5,5,8,8)
(2,2,5,6,6,9)
(2,2,5,6,7,8)
(2,2,5,7,7,7)
(2,2,6,6,6,8)
(2,2,6,6,7,7)
(2,3,3,3,8,11)
(2,3,3,3,9,10)
(2,3,3,4,7,11)
(2,3,3,4,8,10)
(2,3,3,4,9,9)
(2,3,3,5,6,11)
(2,3,3,5,7,10)
(2,3,3,5,8,9)
(2,3,3,6,6,10)
(2,3,3,6,7,9)
(2,3,3,6,8,8)
(2,3,3,7,7,8)
(2,3,4,4,6,11)
(2,3,4,4,7,10)
(2,3,4,4,8,9)
(2,3,4,5,5,11)
(2,3,4,5,6,10)
(2,3,4,5,7,9)
(2,3,4,5,8,8)
(2,3,4,6,6,9)
(2,3,4,6,7,8)
(2,3,4,7,7,7)
(2,3,5,5,5,10)
(2,3,5,5,6,9)
(2,3,5,5,7,8)
(2,3,5,6,6,8)
(2,3,5,6,7,7)
(2,3,6,6,6,7)
(2,4,4,4,5,11)
(2,4,4,4,6,10)
(2,4,4,4,7,9)
(2,4,4,4,8,8)
(2,4,4,5,5,10)
(2,4,4,5,6,9)
(2,4,4,5,7,8)
(2,4,4,6,6,8)
(2,4,4,6,7,7)
(2,4,5,5,5,9)
(2,4,5,5,6,8)
(2,4,5,5,7,7)
(2,4,5,6,6,7)
(2,4,6,6,6,6)
(2,5,5,5,5,8)
(2,5,5,5,6,7)
(2,5,5,6,6,6)
(3,3,3,3,7,11)
(3,3,3,3,8,10)
(3,3,3,3,9,9)
(3,3,3,4,6,11)
(3,3,3,4,7,10)
(3,3,3,4,8,9)
(3,3,3,5,5,11)
(3,3,3,5,6,10)
(3,3,3,5,7,9)
(3,3,3,5,8,8)
(3,3,3,6,6,9)
(3,3,3,6,7,8)
(3,3,3,7,7,7)
(3,3,4,4,5,11)
(3,3,4,4,6,10)
(3,3,4,4,7,9)
(3,3,4,4,8,8)
(3,3,4,5,5,10)
(3,3,4,5,6,9)
(3,3,4,5,7,8)
(3,3,4,6,6,8)
(3,3,4,6,7,7)
(3,3,5,5,5,9)
(3,3,5,5,6,8)
(3,3,5,5,7,7)
(3,3,5,6,6,7)
(3,3,6,6,6,6)
(3,4,4,4,4,11)
(3,4,4,4,5,10)
(3,4,4,4,6,9)
(3,4,4,4,7,8)
(3,4,4,5,5,9)
(3,4,4,5,6,8)
(3,4,4,5,7,7)
(3,4,4,6,6,7)
(3,4,5,5,5,8)
(3,4,5,5,6,7)
(3,4,5,6,6,6)
(3,5,5,5,5,7)
(3,5,5,5,6,6)
(4,4,4,4,4,10)
(4,4,4,4,5,9)
(4,4,4,4,6,8)
(4,4,4,4,7,7)
(4,4,4,5,5,8)
(4,4,4,5,6,7)
(4,4,4,6,6,6)
(4,4,5,5,5,7)
(4,4,5,5,6,6)
(4,5,5,5,5,6)
(5,5,5,5,5,5)
Case 15:
(1,1,1,7,8)
(1,1,2,6,8)
(1,1,2,7,7)
(1,1,3,5,8)
(1,1,3,6,7)
(1,1,4,4,8)
(1,1,4,5,7)
(1,1,4,6,6)
(1,1,5,5,6)
(1,2,2,5,8)
(1,2,2,6,7)
(1,2,3,4,8)
(1,2,3,5,7)
(1,2,3,6,6)
(1,2,4,4,7)
(1,2,4,5,6)
(1,2,5,5,5)
(1,3,3,3,8)
(1,3,3,4,7)
(1,3,3,5,6)
(1,3,4,4,6)
(1,3,4,5,5)
(1,4,4,4,5)
(2,2,2,4,8)
(2,2,2,5,7)
(2,2,2,6,6)
(2,2,3,3,8)
(2,2,3,4,7)
(2,2,3,5,6)
(2,2,4,4,6)
(2,2,4,5,5)
(2,3,3,3,7)
(2,3,3,4,6)
(2,3,3,5,5)
(2,3,4,4,5)
(2,4,4,4,4)
(3,3,3,3,6)
(3,3,3,4,5)
(3,3,4,4,4)
Case 16:
(1,7,10)
(1,8,9)
(2,6,10)
(2,7,9)
(2,8,8)
(3,5,10)
(3,6,9)
(3,7,8)
(4,4,10)
(4,5,9)
(4,6,8)
(4,7,7)
(5,5,8)
(5,6,7)
(6,6,6)
Case 17:
(1,2,7,7,7,7)
(1,3,6,7,7,7)
(1,4,5,7,7,7)
(1,4,6,6,7,7)
(1,5,5,6,7,7)
(1,5,6,6,6,7)
(1,6,6,6,6,6)
(2,2,6,7,7,7)
(2,3,5,7,7,7)
(2,3,6,6,7,7)
(2,4,4,7,7,7)
(2,4,5,6,7,7)
(2,4,6,6,6,7)
(2,5,5,5,7,7)
(2,5,5,6,6,7)
(2,5,6,6,6,6)
(3,3,4,7,7,7)
(3,3,5,6,7,7)
(3,3,6,6,6,7)
(3,4,4,6,7,7)
(3,4,5,5,7,7)
(3,4,5,6,6,7)
(3,4,6,6,6,6)
(3,5,5,5,6,7)
(3,5,5,6,6,6)
(4,4,4,5,7,7)
(4,4,4,6,6,7)
(4,4,5,5,6,7)
(4,4,5,6,6,6)
(4,5,5,5,5,7)
(4,5,5,5,6,6)
(5,5,5,5,5,6)
Case 18:
(1,1,8,12,12)
(1,1,9,11,12)
(1,1,10,10,12)
(1,1,10,11,11)
(1,2,7,12,12)
(1,2,8,11,12)
(1,2,9,10,12)
(1,2,9,11,11)
(1,2,10,10,11)
(1,3,6,12,12)
(1,3,7,11,12)
(1,3,8,10,12)
(1,3,8,11,11)
(1,3,9,9,12)
(1,3,9,10,11)
(1,3,10,10,10)
(1,4,5,12,12)
(1,4,6,11,12)
(1,4,7,10,12)
(1,4,7,11,11)
(1,4,8,9,12)
(1,4,8,10,11)
(1,4,9,9,11)
(1,4,9,10,10)
(1,5,5,11,12)
(1,5,6,10,12)
(1,5,6,11,11)
(1,5,7,9,12)
(1,5,7,10,11)
(1,5,8,8,12)
(1,5,8,9,11)
(1,5,8,10,10)
(1,5,9,9,10)
(1,6,6,9,12)
(1,6,6,10,11)
(1,6,7,8,12)
(1,6,7,9,11)
(1,6,7,10,10)
(1,6,8,8,11)
(1,6,8,9,10)
(1,6,9,9,9)
(1,7,7,7,12)
(1,7,7,8,11)
(1,7,7,9,10)
(1,7,8,8,10)
(1,7,8,9,9)
(1,8,8,8,9)
(2,2,6,12,12)
(2,2,7,11,12)
(2,2,8,10,12)
(2,2,8,11,11)
(2,2,9,9,12)
(2,2,9,10,11)
(2,2,10,10,10)
(2,3,5,12,12)
(2,3,6,11,12)
(2,3,7,10,12)
(2,3,7,11,11)
(2,3,8,9,12)
(2,3,8,10,11)
(2,3,9,9,11)
(2,3,9,10,10)
(2,4,4,12,12)
(2,4,5,11,12)
(2,4,6,10,12)
(2,4,6,11,11)
(2,4,7,9,12)
(2,4,7,10,11)
(2,4,8,8,12)
(2,4,8,9,11)
(2,4,8,10,10)
(2,4,9,9,10)
(2,5,5,10,12)
(2,5,5,11,11)
(2,5,6,9,12)
(2,5,6,10,11)
(2,5,7,8,12)
(2,5,7,9,11)
(2,5,7,10,10)
(2,5,8,8,11)
(2,5,8,9,10)
(2,5,9,9,9)
(2,6,6,8,12)
(2,6,6,9,11)
(2,6,6,10,10)
(2,6,7,7,12)
(2,6,7,8,11)
(2,6,7,9,10)
(2,6,8,8,10)
(2,6,8,9,9)
(2,7,7,7,11)
(2,7,7,8,10)
(2,7,7,9,9)
(2,7,8,8,9)
(2,8,8,8,8)
(3,3,4,12,12)
(3,3,5,11,12)
(3,3,6,10,12)
(3,3,6,11,11)
(3,3,7,9,12)
(3,3,7,10,11)
(3,3,8,8,12)
(3,3,8,9,11)
(3,3,8,10,10)
(3,3,9,9,10)
(3,4,4,11,12)
(3,4,5,10,12)
(3,4,5,11,11)
(3,4,6,9,12)
(3,4,6,10,11)
(3,4,7,8,12)
(3,4,7,9,11)
(3,4,7,10,10)
(3,4,8,8,11)
(3,4,8,9,10)
(3,4,9,9,9)
(3,5,5,9,12)
(3,5,5,10,11)
(3,5,6,8,12)
(3,5,6,9,11)
(3,5,6,10,10)
(3,5,7,7,12)
(3,5,7,8,11)
(3,5,7,9,10)
(3,5,8,8,10)
(3,5,8,9,9)
(3,6,6,7,12)
(3,6,6,8,11)
(3,6,6,9,10)
(3,6,7,7,11)
(3,6,7,8,10)
(3,6,7,9,9)
(3,6,8,8,9)
(3,7,7,7,10)
(3,7,7,8,9)
(3,7,8,8,8)
(4,4,4,10,12)
(4,4,4,11,11)
(4,4,5,9,12)
(4,4,5,10,11)
(4,4,6,8,12)
(4,4,6,9,11)
(4,4,6,10,10)
(4,4,7,7,12)
(4,4,7,8,11)
(4,4,7,9,10)
(4,4,8,8,10)
(4,4,8,9,9)
(4,5,5,8,12)
(4,5,5,9,11)
(4,5,5,10,10)
(4,5,6,7,12)
(4,5,6,8,11)
(4,5,6,9,10)
(4,5,7,7,11)
(4,5,7,8,10)
(4,5,7,9,9)
(4,5,8,8,9)
(4,6,6,6,12)
(4,6,6,7,11)
(4,6,6,8,10)
(4,6,6,9,9)
(4,6,7,7,10)
(4,6,7,8,9)
(4,6,8,8,8)
(4,7,7,7,9)
(4,7,7,8,8)
(5,5,5,7,12)
(5,5,5,8,11)
(5,5,5,9,10)
(5,5,6,6,12)
(5,5,6,7,11)
(5,5,6,8,10)
(5,5,6,9,9)
(5,5,7,7,10)
(5,5,7,8,9)
(5,5,8,8,8)
(5,6,6,6,11)
(5,6,6,7,10)
(5,6,6,8,9)
(5,6,7,7,9)
(5,6,7,8,8)
(5,7,7,7,8)
(6,6,6,6,10)
(6,6,6,7,9)
(6,6,6,8,8)
(6,6,7,7,8)
(6,7,7,7,7)
Case 19:
(1,1,1,8,10,10)
(1,1,1,9,9,10)
(1,1,2,7,10,10)
(1,1,2,8,9,10)
(1,1,2,9,9,9)
(1,1,3,6,10,10)
(1,1,3,7,9,10)
(1,1,3,8,8,10)
(1,1,3,8,9,9)
(1,1,4,5,10,10)
(1,1,4,6,9,10)
(1,1,4,7,8,10)
(1,1,4,7,9,9)
(1,1,4,8,8,9)
(1,1,5,5,9,10)
(1,1,5,6,8,10)
(1,1,5,6,9,9)
(1,1,5,7,7,10)
(1,1,5,7,8,9)
(1,1,5,8,8,8)
(1,1,6,6,7,10)
(1,1,6,6,8,9)
(1,1,6,7,7,9)
(1,1,6,7,8,8)
(1,1,7,7,7,8)
(1,2,2,6,10,10)
(1,2,2,7,9,10)
(1,2,2,8,8,10)
(1,2,2,8,9,9)
(1,2,3,5,10,10)
(1,2,3,6,9,10)
(1,2,3,7,8,10)
(1,2,3,7,9,9)
(1,2,3,8,8,9)
(1,2,4,4,10,10)
(1,2,4,5,9,10)
(1,2,4,6,8,10)
(1,2,4,6,9,9)
(1,2,4,7,7,10)
(1,2,4,7,8,9)
(1,2,4,8,8,8)
(1,2,5,5,8,10)
(1,2,5,5,9,9)
(1,2,5,6,7,10)
(1,2,5,6,8,9)
(1,2,5,7,7,9)
(1,2,5,7,8,8)
(1,2,6,6,6,10)
(1,2,6,6,7,9)
(1,2,6,6,8,8)
(1,2,6,7,7,8)
(1,2,7,7,7,7)
(1,3,3,4,10,10)
(1,3,3,5,9,10)
(1,3,3,6,8,10)
(1,3,3,6,9,9)
(1,3,3,7,7,10)
(1,3,3,7,8,9)
(1,3,3,8,8,8)
(1,3,4,4,9,10)
(1,3,4,5,8,10)
(1,3,4,5,9,9)
(1,3,4,6,7,10)
(1,3,4,6,8,9)
(1,3,4,7,7,9)
(1,3,4,7,8,8)
(1,3,5,5,7,10)
(1,3,5,5,8,9)
(1,3,5,6,6,10)
(1,3,5,6,7,9)
(1,3,5,6,8,8)
(1,3,5,7,7,8)
(1,3,6,6,6,9)
(1,3,6,6,7,8)
(1,3,6,7,7,7)
(1,4,4,4,8,10)
(1,4,4,4,9,9)
(1,4,4,5,7,10)
(1,4,4,5,8,9)
(1,4,4,6,6,10)
(1,4,4,6,7,9)
(1,4,4,6,8,8)
(1,4,4,7,7,8)
(1,4,5,5,6,10)
(1,4,5,5,7,9)
(1,4,5,5,8,8)
(1,4,5,6,6,9)
(1,4,5,6,7,8)
(1,4,5,7,7,7)
(1,4,6,6,6,8)
(1,4,6,6,7,7)
(1,5,5,5,5,10)
(1,5,5,5,6,9)
(1,5,5,5,7,8)
(1,5,5,6,6,8)
(1,5,5,6,7,7)
(1,5,6,6,6,7)
(1,6,6,6,6,6)
(2,2,2,5,10,10)
(2,2,2,6,9,10)
(2,2,2,7,8,10)
(2,2,2,7,9,9)
(2,2,2,8,8,9)
(2,2,3,4,10,10)
(2,2,3,5,9,10)
(2,2,3,6,8,10)
(2,2,3,6,9,9)
(2,2,3,7,7,10)
(2,2,3,7,8,9)
(2,2,3,8,8,8)
(2,2,4,4,9,10)
(2,2,4,5,8,10)
(2,2,4,5,9,9)
(2,2,4,6,7,10)
(2,2,4,6,8,9)
(2,2,4,7,7,9)
(2,2,4,7,8,8)
(2,2,5,5,7,10)
(2,2,5,5,8,9)
(2,2,5,6,6,10)
(2,2,5,6,7,9)
(2,2,5,6,8,8)
(2,2,5,7,7,8)
(2,2,6,6,6,9)
(2,2,6,6,7,8)
(2,2,6,7,7,7)
(2,3,3,3,10,10)
(2,3,3,4,9,10)
(2,3,3,5,8,10)
(2,3,3,5,9,9)
(2,3,3,6,7,10)
(2,3,3,6,8,9)
(2,3,3,7,7,9)
(2,3,3,7,8,8)
(2,3,4,4,8,10)
(2,3,4,4,9,9)
(2,3,4,5,7,10)
(2,3,4,5,8,9)
(2,3,4,6,6,10)
(2,3,4,6,7,9)
(2,3,4,6,8,8)
(2,3,4,7,7,8)
(2,3,5,5,6,10)
(2,3,5,5,7,9)
(2,3,5,5,8,8)
(2,3,5,6,6,9)
(2,3,5,6,7,8)
(2,3,5,7,7,7)
(2,3,6,6,6,8)
(2,3,6,6,7,7)
(2,4,4,4,7,10)
(2,4,4,4,8,9)
(2,4,4,5,6,10)
(2,4,4,5,7,9)
(2,4,4,5,8,8)
(2,4,4,6,6,9)
(2,4,4,6,7,8)
(2,4,4,7,7,7)
(2,4,5,5,5,10)
(2,4,5,5,6,9)
(2,4,5,5,7,8)
(2,4,5,6,6,8)
(2,4,5,6,7,7)
(2,4,6,6,6,7)
(2,5,5,5,5,9)
(2,5,5,5,6,8)
(2,5,5,5,7,7)
(2,5,5,6,6,7)
(2,5,6,6,6,6)
(3,3,3,3,9,10)
(3,3,3,4,8,10)
(3,3,3,4,9,9)
(3,3,3,5,7,10)
(3,3,3,5,8,9)
(3,3,3,6,6,10)
(3,3,3,6,7,9)
(3,3,3,6,8,8)
(3,3,3,7,7,8)
(3,3,4,4,7,10)
(3,3,4,4,8,9)
(3,3,4,5,6,10)
(3,3,4,5,7,9)
(3,3,4,5,8,8)
(3,3,4,6,6,9)
(3,3,4,6,7,8)
(3,3,4,7,7,7)
(3,3,5,5,5,10)
(3,3,5,5,6,9)
(3,3,5,5,7,8)
(3,3,5,6,6,8)
(3,3,5,6,7,7)
(3,3,6,6,6,7)
(3,4,4,4,6,10)
(3,4,4,4,7,9)
(3,4,4,4,8,8)
(3,4,4,5,5,10)
(3,4,4,5,6,9)
(3,4,4,5,7,8)
(3,4,4,6,6,8)
(3,4,4,6,7,7)
(3,4,5,5,5,9)
(3,4,5,5,6,8)
(3,4,5,5,7,7)
(3,4,5,6,6,7)
(3,4,6,6,6,6)
(3,5,5,5,5,8)
(3,5,5,5,6,7)
(3,5,5,6,6,6)
(4,4,4,4,5,10)
(4,4,4,4,6,9)
(4,4,4,4,7,8)
(4,4,4,5,5,9)
(4,4,4,5,6,8)
(4,4,4,5,7,7)
(4,4,4,6,6,7)
(4,4,5,5,5,8)
(4,4,5,5,6,7)
(4,4,5,6,6,6)
(4,5,5,5,5,7)
(4,5,5,5,6,6)
(5,5,5,5,5,6)
Case 20:
(1,1)
Case 21:
(1,8)
(2,7)
(3,6)
(4,5)
Case 22:
(1,1,4)
(1,2,3)
(2,2,2)
Case 23:
(1,1,1,2)
Case 24:
(9,12,12,12,12,12)
(10,11,12,12,12,12)
(11,11,11,12,12,12)
Case 25:
(1,1,5,6,6)
(1,2,4,6,6)
(1,2,5,5,6)
(1,3,3,6,6)
(1,3,4,5,6)
(1,3,5,5,5)
(1,4,4,4,6)
(1,4,4,5,5)
(2,2,3,6,6)
(2,2,4,5,6)
(2,2,5,5,5)
(2,3,3,5,6)
(2,3,4,4,6)
(2,3,4,5,5)
(2,4,4,4,5)
(3,3,3,4,6)
(3,3,3,5,5)
(3,3,4,4,5)
(3,4,4,4,4)
Case 26:
(1,1,1,1)
Case 27:
(1,1,6,9,9,9)
(1,1,7,8,9,9)
(1,1,8,8,8,9)
(1,2,5,9,9,9)
(1,2,6,8,9,9)
(1,2,7,7,9,9)
(1,2,7,8,8,9)
(1,2,8,8,8,8)
(1,3,4,9,9,9)
(1,3,5,8,9,9)
(1,3,6,7,9,9)
(1,3,6,8,8,9)
(1,3,7,7,8,9)
(1,3,7,8,8,8)
(1,4,4,8,9,9)
(1,4,5,7,9,9)
(1,4,5,8,8,9)
(1,4,6,6,9,9)
(1,4,6,7,8,9)
(1,4,6,8,8,8)
(1,4,7,7,7,9)
(1,4,7,7,8,8)
(1,5,5,6,9,9)
(1,5,5,7,8,9)
(1,5,5,8,8,8)
(1,5,6,6,8,9)
(1,5,6,7,7,9)
(1,5,6,7,8,8)
(1,5,7,7,7,8)
(1,6,6,6,7,9)
(1,6,6,6,8,8)
(1,6,6,7,7,8)
(1,6,7,7,7,7)
(2,2,4,9,9,9)
(2,2,5,8,9,9)
(2,2,6,7,9,9)
(2,2,6,8,8,9)
(2,2,7,7,8,9)
(2,2,7,8,8,8)
(2,3,3,9,9,9)
(2,3,4,8,9,9)
(2,3,5,7,9,9)
(2,3,5,8,8,9)
(2,3,6,6,9,9)
(2,3,6,7,8,9)
(2,3,6,8,8,8)
(2,3,7,7,7,9)
(2,3,7,7,8,8)
(2,4,4,7,9,9)
(2,4,4,8,8,9)
(2,4,5,6,9,9)
(2,4,5,7,8,9)
(2,4,5,8,8,8)
(2,4,6,6,8,9)
(2,4,6,7,7,9)
(2,4,6,7,8,8)
(2,4,7,7,7,8)
(2,5,5,5,9,9)
(2,5,5,6,8,9)
(2,5,5,7,7,9)
(2,5,5,7,8,8)
(2,5,6,6,7,9)
(2,5,6,6,8,8)
(2,5,6,7,7,8)
(2,5,7,7,7,7)
(2,6,6,6,6,9)
(2,6,6,6,7,8)
(2,6,6,7,7,7)
(3,3,3,8,9,9)
(3,3,4,7,9,9)
(3,3,4,8,8,9)
(3,3,5,6,9,9)
(3,3,5,7,8,9)
(3,3,5,8,8,8)
(3,3,6,6,8,9)
(3,3,6,7,7,9)
(3,3,6,7,8,8)
(3,3,7,7,7,8)
(3,4,4,6,9,9)
(3,4,4,7,8,9)
(3,4,4,8,8,8)
(3,4,5,5,9,9)
(3,4,5,6,8,9)
(3,4,5,7,7,9)
(3,4,5,7,8,8)
(3,4,6,6,7,9)
(3,4,6,6,8,8)
(3,4,6,7,7,8)
(3,4,7,7,7,7)
(3,5,5,5,8,9)
(3,5,5,6,7,9)
(3,5,5,6,8,8)
(3,5,5,7,7,8)
(3,5,6,6,6,9)
(3,5,6,6,7,8)
(3,5,6,7,7,7)
(3,6,6,6,6,8)
(3,6,6,6,7,7)
(4,4,4,5,9,9)
(4,4,4,6,8,9)
(4,4,4,7,7,9)
(4,4,4,7,8,8)
(4,4,5,5,8,9)
(4,4,5,6,7,9)
(4,4,5,6,8,8)
(4,4,5,7,7,8)
(4,4,6,6,6,9)
(4,4,6,6,7,8)
(4,4,6,7,7,7)
(4,5,5,5,7,9)
(4,5,5,5,8,8)
(4,5,5,6,6,9)
(4,5,5,6,7,8)
(4,5,5,7,7,7)
(4,5,6,6,6,8)
(4,5,6,6,7,7)
(4,6,6,6,6,7)
(5,5,5,5,6,9)
(5,5,5,5,7,8)
(5,5,5,6,6,8)
(5,5,5,6,7,7)
(5,5,6,6,6,7)
(5,6,6,6,6,6)
Case 28:
(1,1,1,6,8,8)
(1,1,1,7,7,8)
(1,1,2,5,8,8)
(1,1,2,6,7,8)
(1,1,2,7,7,7)
(1,1,3,4,8,8)
(1,1,3,5,7,8)
(1,1,3,6,6,8)
(1,1,3,6,7,7)
(1,1,4,4,7,8)
(1,1,4,5,6,8)
(1,1,4,5,7,7)
(1,1,4,6,6,7)
(1,1,5,5,5,8)
(1,1,5,5,6,7)
(1,1,5,6,6,6)
(1,2,2,4,8,8)
(1,2,2,5,7,8)
(1,2,2,6,6,8)
(1,2,2,6,7,7)
(1,2,3,3,8,8)
(1,2,3,4,7,8)
(1,2,3,5,6,8)
(1,2,3,5,7,7)
(1,2,3,6,6,7)
(1,2,4,4,6,8)
(1,2,4,4,7,7)
(1,2,4,5,5,8)
(1,2,4,5,6,7)
(1,2,4,6,6,6)
(1,2,5,5,5,7)
(1,2,5,5,6,6)
(1,3,3,3,7,8)
(1,3,3,4,6,8)
(1,3,3,4,7,7)
(1,3,3,5,5,8)
(1,3,3,5,6,7)
(1,3,3,6,6,6)
(1,3,4,4,5,8)
(1,3,4,4,6,7)
(1,3,4,5,5,7)
(1,3,4,5,6,6)
(1,3,5,5,5,6)
(1,4,4,4,4,8)
(1,4,4,4,5,7)
(1,4,4,4,6,6)
(1,4,4,5,5,6)
(1,4,5,5,5,5)
(2,2,2,3,8,8)
(2,2,2,4,7,8)
(2,2,2,5,6,8)
(2,2,2,5,7,7)
(2,2,2,6,6,7)
(2,2,3,3,7,8)
(2,2,3,4,6,8)
(2,2,3,4,7,7)
(2,2,3,5,5,8)
(2,2,3,5,6,7)
(2,2,3,6,6,6)
(2,2,4,4,5,8)
(2,2,4,4,6,7)
(2,2,4,5,5,7)
(2,2,4,5,6,6)
(2,2,5,5,5,6)
(2,3,3,3,6,8)
(2,3,3,3,7,7)
(2,3,3,4,5,8)
(2,3,3,4,6,7)
(2,3,3,5,5,7)
(2,3,3,5,6,6)
(2,3,4,4,4,8)
(2,3,4,4,5,7)
(2,3,4,4,6,6)
(2,3,4,5,5,6)
(2,3,5,5,5,5)
(2,4,4,4,4,7)
(2,4,4,4,5,6)
(2,4,4,5,5,5)
(3,3,3,3,5,8)
(3,3,3,3,6,7)
(3,3,3,4,4,8)
(3,3,3,4,5,7)
(3,3,3,4,6,6)
(3,3,3,5,5,6)
(3,3,4,4,4,7)
(3,3,4,4,5,6)
(3,3,4,5,5,5)
(3,4,4,4,4,6)
(3,4,4,4,5,5)
(4,4,4,4,4,5)
Case 29:
(8,10,10,10,10,10)
(9,9,10,10,10,10)
Case 30:
(1,5,9,9,9)
(1,6,8,9,9)
(1,7,7,9,9)
(1,7,8,8,9)
(1,8,8,8,8)
(2,4,9,9,9)
(2,5,8,9,9)
(2,6,7,9,9)
(2,6,8,8,9)
(2,7,7,8,9)
(2,7,8,8,8)
(3,3,9,9,9)
(3,4,8,9,9)
(3,5,7,9,9)
(3,5,8,8,9)
(3,6,6,9,9)
(3,6,7,8,9)
(3,6,8,8,8)
(3,7,7,7,9)
(3,7,7,8,8)
(4,4,7,9,9)
(4,4,8,8,9)
(4,5,6,9,9)
(4,5,7,8,9)
(4,5,8,8,8)
(4,6,6,8,9)
(4,6,7,7,9)
(4,6,7,8,8)
(4,7,7,7,8)
(5,5,5,9,9)
(5,5,6,8,9)
(5,5,7,7,9)
(5,5,7,8,8)
(5,6,6,7,9)
(5,6,6,8,8)
(5,6,7,7,8)
(5,7,7,7,7)
(6,6,6,6,9)
(6,6,6,7,8)
(6,6,7,7,7)
Case 31:
(1,1,6)
(1,2,5)
(1,3,4)
(2,2,4)
(2,3,3)
Case 32:
(1,1)
Case 33:
(1,1,3)
(1,2,2)
Case 34:
(1,2,3)
(2,2,2)
Case 35:
(2,6)
(3,5)
(4,4)
Case 36:
(1,1,1,4)
(1,1,2,3)
(1,2,2,2)
Case 37:
(1,3,5,5,5,5)
(1,4,4,5,5,5)
(2,2,5,5,5,5)
(2,3,4,5,5,5)
(2,4,4,4,5,5)
(3,3,3,5,5,5)
(3,3,4,4,5,5)
(3,4,4,4,4,5)
(4,4,4,4,4,4)
Case 38:
(1,2,3,3)
(2,2,2,3)
Case 39:
(1,4,12,12,12,12)
(1,5,11,12,12,12)
(1,6,10,12,12,12)
(1,6,11,11,12,12)
(1,7,9,12,12,12)
(1,7,10,11,12,12)
(1,7,11,11,11,12)
(1,8,8,12,12,12)
(1,8,9,11,12,12)
(1,8,10,10,12,12)
(1,8,10,11,11,12)
(1,8,11,11,11,11)
(1,9,9,10,12,12)
(1,9,9,11,11,12)
(1,9,10,10,11,12)
(1,9,10,11,11,11)
(1,10,10,10,10,12)
(1,10,10,10,11,11)
(2,3,12,12,12,12)
(2,4,11,12,12,12)
(2,5,10,12,12,12)
(2,5,11,11,12,12)
(2,6,9,12,12,12)
(2,6,10,11,12,12)
(2,6,11,11,11,12)
(2,7,8,12,12,12)
(2,7,9,11,12,12)
(2,7,10,10,12,12)
(2,7,10,11,11,12)
(2,7,11,11,11,11)
(2,8,8,11,12,12)
(2,8,9,10,12,12)
(2,8,9,11,11,12)
(2,8,10,10,11,12)
(2,8,10,11,11,11)
(2,9,9,9,12,12)
(2,9,9,10,11,12)
(2,9,9,11,11,11)
(2,9,10,10,10,12)
(2,9,10,10,11,11)
(2,10,10,10,10,11)
(3,3,11,12,12,12)
(3,4,10,12,12,12)
(3,4,11,11,12,12)
(3,5,9,12,12,12)
(3,5,10,11,12,12)
(3,5,11,11,11,12)
(3,6,8,12,12,12)
(3,6,9,11,12,12)
(3,6,10,10,12,12)
(3,6,10,11,11,12)
(3,6,11,11,11,11)
(3,7,7,12,12,12)
(3,7,8,11,12,12)
(3,7,9,10,12,12)
(3,7,9,11,11,12)
(3,7,10,10,11,12)
(3,7,10,11,11,11)
(3,8,8,10,12,12)
(3,8,8,11,11,12)
(3,8,9,9,12,12)
(3,8,9,10,11,12)
(3,8,9,11,11,11)
(3,8,10,10,10,12)
(3,8,10,10,11,11)
(3,9,9,9,11,12)
(3,9,9,10,10,12)
(3,9,9,10,11,11)
(3,9,10,10,10,11)
(3,10,10,10,10,10)
(4,4,9,12,12,12)
(4,4,10,11,12,12)
(4,4,11,11,11,12)
(4,5,8,12,12,12)
(4,5,9,11,12,12)
(4,5,10,10,12,12)
(4,5,10,11,11,12)
(4,5,11,11,11,11)
(4,6,7,12,12,12)
(4,6,8,11,12,12)
(4,6,9,10,12,12)
(4,6,9,11,11,12)
(4,6,10,10,11,12)
(4,6,10,11,11,11)
(4,7,7,11,12,12)
(4,7,8,10,12,12)
(4,7,8,11,11,12)
(4,7,9,9,12,12)
(4,7,9,10,11,12)
(4,7,9,11,11,11)
(4,7,10,10,10,12)
(4,7,10,10,11,11)
(4,8,8,9,12,12)
(4,8,8,10,11,12)
(4,8,8,11,11,11)
(4,8,9,9,11,12)
(4,8,9,10,10,12)
(4,8,9,10,11,11)
(4,8,10,10,10,11)
(4,9,9,9,10,12)
(4,9,9,9,11,11)
(4,9,9,10,10,11)
(4,9,10,10,10,10)
(5,5,7,12,12,12)
(5,5,8,11,12,12)
(5,5,9,10,12,12)
(5,5,9,11,11,12)
(5,5,10,10,11,12)
(5,5,10,11,11,11)
(5,6,6,12,12,12)
(5,6,7,11,12,12)
(5,6,8,10,12,12)
(5,6,8,11,11,12)
(5,6,9,9,12,12)
(5,6,9,10,11,12)
(5,6,9,11,11,11)
(5,6,10,10,10,12)
(5,6,10,10,11,11)
(5,7,7,10,12,12)
(5,7,7,11,11,12)
(5,7,8,9,12,12)
(5,7,8,10,11,12)
(5,7,8,11,11,11)
(5,7,9,9,11,12)
(5,7,9,10,10,12)
(5,7,9,10,11,11)
(5,7,10,10,10,11)
(5,8,8,8,12,12)
(5,8,8,9,11,12)
(5,8,8,10,10,12)
(5,8,8,10,11,11)
(5,8,9,9,10,12)
(5,8,9,9,11,11)
(5,8,9,10,10,11)
(5,8,10,10,10,10)
(5,9,9,9,9,12)
(5,9,9,9,10,11)
(5,9,9,10,10,10)
(6,6,6,11,12,12)
(6,6,7,10,12,12)
(6,6,7,11,11,12)
(6,6,8,9,12,12)
(6,6,8,10,11,12)
(6,6,8,11,11,11)
(6,6,9,9,11,12)
(6,6,9,10,10,12)
(6,6,9,10,11,11)
(6,6,10,10,10,11)
(6,7,7,9,12,12)
(6,7,7,10,11,12)
(6,7,7,11,11,11)
(6,7,8,8,12,12)
(6,7,8,9,11,12)
(6,7,8,10,10,12)
(6,7,8,10,11,11)
(6,7,9,9,10,12)
(6,7,9,9,11,11)
(6,7,9,10,10,11)
(6,7,10,10,10,10)
(6,8,8,8,11,12)
(6,8,8,9,10,12)
(6,8,8,9,11,11)
(6,8,8,10,10,11)
(6,8,9,9,9,12)
(6,8,9,9,10,11)
(6,8,9,10,10,10)
(6,9,9,9,9,11)
(6,9,9,9,10,10)
(7,7,7,8,12,12)
(7,7,7,9,11,12)
(7,7,7,10,10,12)
(7,7,7,10,11,11)
(7,7,8,8,11,12)
(7,7,8,9,10,12)
(7,7,8,9,11,11)
(7,7,8,10,10,11)
(7,7,9,9,9,12)
(7,7,9,9,10,11)
(7,7,9,10,10,10)
(7,8,8,8,10,12)
(7,8,8,8,11,11)
(7,8,8,9,9,12)
(7,8,8,9,10,11)
(7,8,8,10,10,10)
(7,8,9,9,9,11)
(7,8,9,9,10,10)
(7,9,9,9,9,10)
(8,8,8,8,9,12)
(8,8,8,8,10,11)
(8,8,8,9,9,11)
(8,8,8,9,10,10)
(8,8,9,9,9,10)
(8,9,9,9,9,9)
Case 40:
(11,12,12,12,12,12)
Case 41:
(1,1,2,11,11,11)
(1,1,3,10,11,11)
(1,1,4,9,11,11)
(1,1,4,10,10,11)
(1,1,5,8,11,11)
(1,1,5,9,10,11)
(1,1,5,10,10,10)
(1,1,6,7,11,11)
(1,1,6,8,10,11)
(1,1,6,9,9,11)
(1,1,6,9,10,10)
(1,1,7,7,10,11)
(1,1,7,8,9,11)
(1,1,7,8,10,10)
(1,1,7,9,9,10)
(1,1,8,8,8,11)
(1,1,8,8,9,10)
(1,1,8,9,9,9)
(1,2,2,10,11,11)
(1,2,3,9,11,11)
(1,2,3,10,10,11)
(1,2,4,8,11,11)
(1,2,4,9,10,11)
(1,2,4,10,10,10)
(1,2,5,7,11,11)
(1,2,5,8,10,11)
(1,2,5,9,9,11)
(1,2,5,9,10,10)
(1,2,6,6,11,11)
(1,2,6,7,10,11)
(1,2,6,8,9,11)
(1,2,6,8,10,10)
(1,2,6,9,9,10)
(1,2,7,7,9,11)
(1,2,7,7,10,10)
(1,2,7,8,8,11)
(1,2,7,8,9,10)
(1,2,7,9,9,9)
(1,2,8,8,8,10)
(1,2,8,8,9,9)
(1,3,3,8,11,11)
(1,3,3,9,10,11)
(1,3,3,10,10,10)
(1,3,4,7,11,11)
(1,3,4,8,10,11)
(1,3,4,9,9,11)
(1,3,4,9,10,10)
(1,3,5,6,11,11)
(1,3,5,7,10,11)
(1,3,5,8,9,11)
(1,3,5,8,10,10)
(1,3,5,9,9,10)
(1,3,6,6,10,11)
(1,3,6,7,9,11)
(1,3,6,7,10,10)
(1,3,6,8,8,11)
(1,3,6,8,9,10)
(1,3,6,9,9,9)
(1,3,7,7,8,11)
(1,3,7,7,9,10)
(1,3,7,8,8,10)
(1,3,7,8,9,9)
(1,3,8,8,8,9)
(1,4,4,6,11,11)
(1,4,4,7,10,11)
(1,4,4,8,9,11)
(1,4,4,8,10,10)
(1,4,4,9,9,10)
(1,4,5,5,11,11)
(1,4,5,6,10,11)
(1,4,5,7,9,11)
(1,4,5,7,10,10)
(1,4,5,8,8,11)
(1,4,5,8,9,10)
(1,4,5,9,9,9)
(1,4,6,6,9,11)
(1,4,6,6,10,10)
(1,4,6,7,8,11)
(1,4,6,7,9,10)
(1,4,6,8,8,10)
(1,4,6,8,9,9)
(1,4,7,7,7,11)
(1,4,7,7,8,10)
(1,4,7,7,9,9)
(1,4,7,8,8,9)
(1,4,8,8,8,8)
(1,5,5,5,10,11)
(1,5,5,6,9,11)
(1,5,5,6,10,10)
(1,5,5,7,8,11)
(1,5,5,7,9,10)
(1,5,5,8,8,10)
(1,5,5,8,9,9)
(1,5,6,6,8,11)
(1,5,6,6,9,10)
(1,5,6,7,7,11)
(1,5,6,7,8,10)
(1,5,6,7,9,9)
(1,5,6,8,8,9)
(1,5,7,7,7,10)
(1,5,7,7,8,9)
(1,5,7,8,8,8)
(1,6,6,6,7,11)
(1,6,6,6,8,10)
(1,6,6,6,9,9)
(1,6,6,7,7,10)
(1,6,6,7,8,9)
(1,6,6,8,8,8)
(1,6,7,7,7,9)
(1,6,7,7,8,8)
(1,7,7,7,7,8)
(2,2,2,9,11,11)
(2,2,2,10,10,11)
(2,2,3,8,11,11)
(2,2,3,9,10,11)
(2,2,3,10,10,10)
(2,2,4,7,11,11)
(2,2,4,8,10,11)
(2,2,4,9,9,11)
(2,2,4,9,10,10)
(2,2,5,6,11,11)
(2,2,5,7,10,11)
(2,2,5,8,9,11)
(2,2,5,8,10,10)
(2,2,5,9,9,10)
(2,2,6,6,10,11)
(2,2,6,7,9,11)
(2,2,6,7,10,10)
(2,2,6,8,8,11)
(2,2,6,8,9,10)
(2,2,6,9,9,9)
(2,2,7,7,8,11)
(2,2,7,7,9,10)
(2,2,7,8,8,10)
(2,2,7,8,9,9)
(2,2,8,8,8,9)
(2,3,3,7,11,11)
(2,3,3,8,10,11)
(2,3,3,9,9,11)
(2,3,3,9,10,10)
(2,3,4,6,11,11)
(2,3,4,7,10,11)
(2,3,4,8,9,11)
(2,3,4,8,10,10)
(2,3,4,9,9,10)
(2,3,5,5,11,11)
(2,3,5,6,10,11)
(2,3,5,7,9,11)
(2,3,5,7,10,10)
(2,3,5,8,8,11)
(2,3,5,8,9,10)
(2,3,5,9,9,9)
(2,3,6,6,9,11)
(2,3,6,6,10,10)
(2,3,6,7,8,11)
(2,3,6,7,9,10)
(2,3,6,8,8,10)
(2,3,6,8,9,9)
(2,3,7,7,7,11)
(2,3,7,7,8,10)
(2,3,7,7,9,9)
(2,3,7,8,8,9)
(2,3,8,8,8,8)
(2,4,4,5,11,11)
(2,4,4,6,10,11)
(2,4,4,7,9,11)
(2,4,4,7,10,10)
(2,4,4,8,8,11)
(2,4,4,8,9,10)
(2,4,4,9,9,9)
(2,4,5,5,10,11)
(2,4,5,6,9,11)
(2,4,5,6,10,10)
(2,4,5,7,8,11)
(2,4,5,7,9,10)
(2,4,5,8,8,10)
(2,4,5,8,9,9)
(2,4,6,6,8,11)
(2,4,6,6,9,10)
(2,4,6,7,7,11)
(2,4,6,7,8,10)
(2,4,6,7,9,9)
(2,4,6,8,8,9)
(2,4,7,7,7,10)
(2,4,7,7,8,9)
(2,4,7,8,8,8)
(2,5,5,5,9,11)
(2,5,5,5,10,10)
(2,5,5,6,8,11)
(2,5,5,6,9,10)
(2,5,5,7,7,11)
(2,5,5,7,8,10)
(2,5,5,7,9,9)
(2,5,5,8,8,9)
(2,5,6,6,7,11)
(2,5,6,6,8,10)
(2,5,6,6,9,9)
(2,5,6,7,7,10)
(2,5,6,7,8,9)
(2,5,6,8,8,8)
(2,5,7,7,7,9)
(2,5,7,7,8,8)
(2,6,6,6,6,11)
(2,6,6,6,7,10)
(2,6,6,6,8,9)
(2,6,6,7,7,9)
(2,6,6,7,8,8)
(2,6,7,7,7,8)
(2,7,7,7,7,7)
(3,3,3,6,11,11)
(3,3,3,7,10,11)
(3,3,3,8,9,11)
(3,3,3,8,10,10)
(3,3,3,9,9,10)
(3,3,4,5,11,11)
(3,3,4,6,10,11)
(3,3,4,7,9,11)
(3,3,4,7,10,10)
(3,3,4,8,8,11)
(3,3,4,8,9,10)
(3,3,4,9,9,9)
(3,3,5,5,10,11)
(3,3,5,6,9,11)
(3,3,5,6,10,10)
(3,3,5,7,8,11)
(3,3,5,7,9,10)
(3,3,5,8,8,10)
(3,3,5,8,9,9)
(3,3,6,6,8,11)
(3,3,6,6,9,10)
(3,3,6,7,7,11)
(3,3,6,7,8,10)
(3,3,6,7,9,9)
(3,3,6,8,8,9)
(3,3,7,7,7,10)
(3,3,7,7,8,9)
(3,3,7,8,8,8)
(3,4,4,4,11,11)
(3,4,4,5,10,11)
(3,4,4,6,9,11)
(3,4,4,6,10,10)
(3,4,4,7,8,11)
(3,4,4,7,9,10)
(3,4,4,8,8,10)
(3,4,4,8,9,9)
(3,4,5,5,9,11)
(3,4,5,5,10,10)
(3,4,5,6,8,11)
(3,4,5,6,9,10)
(3,4,5,7,7,11)
(3,4,5,7,8,10)
(3,4,5,7,9,9)
(3,4,5,8,8,9)
(3,4,6,6,7,11)
(3,4,6,6,8,10)
(3,4,6,6,9,9)
(3,4,6,7,7,10)
(3,4,6,7,8,9)
(3,4,6,8,8,8)
(3,4,7,7,7,9)
(3,4,7,7,8,8)
(3,5,5,5,8,11)
(3,5,5,5,9,10)
(3,5,5,6,7,11)
(3,5,5,6,8,10)
(3,5,5,6,9,9)
(3,5,5,7,7,10)
(3,5,5,7,8,9)
(3,5,5,8,8,8)
(3,5,6,6,6,11)
(3,5,6,6,7,10)
(3,5,6,6,8,9)
(3,5,6,7,7,9)
(3,5,6,7,8,8)
(3,5,7,7,7,8)
(3,6,6,6,6,10)
(3,6,6,6,7,9)
(3,6,6,6,8,8)
(3,6,6,7,7,8)
(3,6,7,7,7,7)
(4,4,4,4,10,11)
(4,4,4,5,9,11)
(4,4,4,5,10,10)
(4,4,4,6,8,11)
(4,4,4,6,9,10)
(4,4,4,7,7,11)
(4,4,4,7,8,10)
(4,4,4,7,9,9)
(4,4,4,8,8,9)
(4,4,5,5,8,11)
(4,4,5,5,9,10)
(4,4,5,6,7,11)
(4,4,5,6,8,10)
(4,4,5,6,9,9)
(4,4,5,7,7,10)
(4,4,5,7,8,9)
(4,4,5,8,8,8)
(4,4,6,6,6,11)
(4,4,6,6,7,10)
(4,4,6,6,8,9)
(4,4,6,7,7,9)
(4,4,6,7,8,8)
(4,4,7,7,7,8)
(4,5,5,5,7,11)
(4,5,5,5,8,10)
(4,5,5,5,9,9)
(4,5,5,6,6,11)
(4,5,5,6,7,10)
(4,5,5,6,8,9)
(4,5,5,7,7,9)
(4,5,5,7,8,8)
(4,5,6,6,6,10)
(4,5,6,6,7,9)
(4,5,6,6,8,8)
(4,5,6,7,7,8)
(4,5,7,7,7,7)
(4,6,6,6,6,9)
(4,6,6,6,7,8)
(4,6,6,7,7,7)
(5,5,5,5,6,11)
(5,5,5,5,7,10)
(5,5,5,5,8,9)
(5,5,5,6,6,10)
(5,5,5,6,7,9)
(5,5,5,6,8,8)
(5,5,5,7,7,8)
(5,5,6,6,6,9)
(5,5,6,6,7,8)
(5,5,6,7,7,7)
(5,6,6,6,6,8)
(5,6,6,6,7,7)
(6,6,6,6,6,7)
Case 42:
(4,11)
(5,10)
(6,9)
(7,8)
Case 43:
(1,1,1,1,1,2)
Case 44:
(1,5,6,6,6)
(2,4,6,6,6)
(2,5,5,6,6)
(3,3,6,6,6)
(3,4,5,6,6)
(3,5,5,5,6)
(4,4,4,6,6)
(4,4,5,5,6)
(4,5,5,5,5)
Case 45:
(6,8)
(7,7)
Case 46:
(7,8,8)
Case 47:
(9,10,10)
Case 48:
(1,1,1)
Case 49:
(2,3,3)
Case 50:
(1,1,2)
Case 51:
(1,1,2,3)
(1,2,2,2)
Case 52:
(9,9)
Case 53:
(2,12,12,12)
(3,11,12,12)
(4,10,12,12)
(4,11,11,12)
(5,9,12,12)
(5,10,11,12)
(5,11,11,11)
(6,8,12,12)
(6,9,11,12)
(6,10,10,12)
(6,10,11,11)
(7,7,12,12)
(7,8,11,12)
(7,9,10,12)
(7,9,11,11)
(7,10,10,11)
(8,8,10,12)
(8,8,11,11)
(8,9,9,12)
(8,9,10,11)
(8,10,10,10)
(9,9,9,11)
(9,9,10,10)
Case 54:
(1,10)
(2,9)
(3,8)
(4,7)
(5,6)
Case 55:
(1,2)
Case 56:
(3,5,5)
(4,4,5)
Case 57:
(2,7)
(3,6)
(4,5)
Case 58:
(4,4)
Case 59:
(1,1,1,5)
(1,1,2,4)
(1,1,3,3)
(1,2,2,3)
(2,2,2,2)
Case 60:
(1,1,1,2,6,6)
(1,1,1,3,5,6)
(1,1,1,4,4,6)
(1,1,1,4,5,5)
(1,1,2,2,5,6)
(1,1,2,3,4,6)
(1,1,2,3,5,5)
(1,1,2,4,4,5)
(1,1,3,3,3,6)
(1,1,3,3,4,5)
(1,1,3,4,4,4)
(1,2,2,2,4,6)
(1,2,2,2,5,5)
(1,2,2,3,3,6)
(1,2,2,3,4,5)
(1,2,2,4,4,4)
(1,2,3,3,3,5)
(1,2,3,3,4,4)
(1,3,3,3,3,4)
(2,2,2,2,3,6)
(2,2,2,2,4,5)
(2,2,2,3,3,5)
(2,2,2,3,4,4)
(2,2,3,3,3,4)
(2,3,3,3,3,3)
Case 61:
(8,9)
Case 62:
(1,1,11,12,12,12)
(1,2,10,12,12,12)
(1,2,11,11,12,12)
(1,3,9,12,12,12)
(1,3,10,11,12,12)
(1,3,11,11,11,12)
(1,4,8,12,12,12)
(1,4,9,11,12,12)
(1,4,10,10,12,12)
(1,4,10,11,11,12)
(1,4,11,11,11,11)
(1,5,7,12,12,12)
(1,5,8,11,12,12)
(1,5,9,10,12,12)
(1,5,9,11,11,12)
(1,5,10,10,11,12)
(1,5,10,11,11,11)
(1,6,6,12,12,12)
(1,6,7,11,12,12)
(1,6,8,10,12,12)
(1,6,8,11,11,12)
(1,6,9,9,12,12)
(1,6,9,10,11,12)
(1,6,9,11,11,11)
(1,6,10,10,10,12)
(1,6,10,10,11,11)
(1,7,7,10,12,12)
(1,7,7,11,11,12)
(1,7,8,9,12,12)
(1,7,8,10,11,12)
(1,7,8,11,11,11)
(1,7,9,9,11,12)
(1,7,9,10,10,12)
(1,7,9,10,11,11)
(1,7,10,10,10,11)
(1,8,8,8,12,12)
(1,8,8,9,11,12)
(1,8,8,10,10,12)
(1,8,8,10,11,11)
(1,8,9,9,10,12)
(1,8,9,9,11,11)
(1,8,9,10,10,11)
(1,8,10,10,10,10)
(1,9,9,9,9,12)
(1,9,9,9,10,11)
(1,9,9,10,10,10)
(2,2,9,12,12,12)
(2,2,10,11,12,12)
(2,2,11,11,11,12)
(2,3,8,12,12,12)
(2,3,9,11,12,12)
(2,3,10,10,12,12)
(2,3,10,11,11,12)
(2,3,11,11,11,11)
(2,4,7,12,12,12)
(2,4,8,11,12,12)
(2,4,9,10,12,12)
(2,4,9,11,11,12)
(2,4,10,10,11,12)
(2,4,10,11,11,11)
(2,5,6,12,12,12)
(2,5,7,11,12,12)
(2,5,8,10,12,12)
(2,5,8,11,11,12)
(2,5,9,9,12,12)
(2,5,9,10,11,12)
(2,5,9,11,11,11)
(2,5,10,10,10,12)
(2,5,10,10,11,11)
(2,6,6,11,12,12)
(2,6,7,10,12,12)
(2,6,7,11,11,12)
(2,6,8,9,12,12)
(2,6,8,10,11,12)
(2,6,8,11,11,11)
(2,6,9,9,11,12)
(2,6,9,10,10,12)
(2,6,9,10,11,11)
(2,6,10,10,10,11)
(2,7,7,9,12,12)
(2,7,7,10,11,12)
(2,7,7,11,11,11)
(2,7,8,8,12,12)
(2,7,8,9,11,12)
(2,7,8,10,10,12)
(2,7,8,10,11,11)
(2,7,9,9,10,12)
(2,7,9,9,11,11)
(2,7,9,10,10,11)
(2,7,10,10,10,10)
(2,8,8,8,11,12)
(2,8,8,9,10,12)
(2,8,8,9,11,11)
(2,8,8,10,10,11)
(2,8,9,9,9,12)
(2,8,9,9,10,11)
(2,8,9,10,10,10)
(2,9,9,9,9,11)
(2,9,9,9,10,10)
(3,3,7,12,12,12)
(3,3,8,11,12,12)
(3,3,9,10,12,12)
(3,3,9,11,11,12)
(3,3,10,10,11,12)
(3,3,10,11,11,11)
(3,4,6,12,12,12)
(3,4,7,11,12,12)
(3,4,8,10,12,12)
(3,4,8,11,11,12)
(3,4,9,9,12,12)
(3,4,9,10,11,12)
(3,4,9,11,11,11)
(3,4,10,10,10,12)
(3,4,10,10,11,11)
(3,5,5,12,12,12)
(3,5,6,11,12,12)
(3,5,7,10,12,12)
(3,5,7,11,11,12)
(3,5,8,9,12,12)
(3,5,8,10,11,12)
(3,5,8,11,11,11)
(3,5,9,9,11,12)
(3,5,9,10,10,12)
(3,5,9,10,11,11)
(3,5,10,10,10,11)
(3,6,6,10,12,12)
(3,6,6,11,11,12)
(3,6,7,9,12,12)
(3,6,7,10,11,12)
(3,6,7,11,11,11)
(3,6,8,8,12,12)
(3,6,8,9,11,12)
(3,6,8,10,10,12)
(3,6,8,10,11,11)
(3,6,9,9,10,12)
(3,6,9,9,11,11)
(3,6,9,10,10,11)
(3,6,10,10,10,10)
(3,7,7,8,12,12)
(3,7,7,9,11,12)
(3,7,7,10,10,12)
(3,7,7,10,11,11)
(3,7,8,8,11,12)
(3,7,8,9,10,12)
(3,7,8,9,11,11)
(3,7,8,10,10,11)
(3,7,9,9,9,12)
(3,7,9,9,10,11)
(3,7,9,10,10,10)
(3,8,8,8,10,12)
(3,8,8,8,11,11)
(3,8,8,9,9,12)
(3,8,8,9,10,11)
(3,8,8,10,10,10)
(3,8,9,9,9,11)
(3,8,9,9,10,10)
(3,9,9,9,9,10)
(4,4,5,12,12,12)
(4,4,6,11,12,12)
(4,4,7,10,12,12)
(4,4,7,11,11,12)
(4,4,8,9,12,12)
(4,4,8,10,11,12)
(4,4,8,11,11,11)
(4,4,9,9,11,12)
(4,4,9,10,10,12)
(4,4,9,10,11,11)
(4,4,10,10,10,11)
(4,5,5,11,12,12)
(4,5,6,10,12,12)
(4,5,6,11,11,12)
(4,5,7,9,12,12)
(4,5,7,10,11,12)
(4,5,7,11,11,11)
(4,5,8,8,12,12)
(4,5,8,9,11,12)
(4,5,8,10,10,12)
(4,5,8,10,11,11)
(4,5,9,9,10,12)
(4,5,9,9,11,11)
(4,5,9,10,10,11)
(4,5,10,10,10,10)
(4,6,6,9,12,12)
(4,6,6,10,11,12)
(4,6,6,11,11,11)
(4,6,7,8,12,12)
(4,6,7,9,11,12)
(4,6,7,10,10,12)
(4,6,7,10,11,11)
(4,6,8,8,11,12)
(4,6,8,9,10,12)
(4,6,8,9,11,11)
(4,6,8,10,10,11)
(4,6,9,9,9,12)
(4,6,9,9,10,11)
(4,6,9,10,10,10)
(4,7,7,7,12,12)
(4,7,7,8,11,12)
(4,7,7,9,10,12)
(4,7,7,9,11,11)
(4,7,7,10,10,11)
(4,7,8,8,10,12)
(4,7,8,8,11,11)
(4,7,8,9,9,12)
(4,7,8,9,10,11)
(4,7,8,10,10,10)
(4,7,9,9,9,11)
(4,7,9,9,10,10)
(4,8,8,8,9,12)
(4,8,8,8,10,11)
(4,8,8,9,9,11)
(4,8,8,9,10,10)
(4,8,9,9,9,10)
(4,9,9,9,9,9)
(5,5,5,10,12,12)
(5,5,5,11,11,12)
(5,5,6,9,12,12)
(5,5,6,10,11,12)
(5,5,6,11,11,11)
(5,5,7,8,12,12)
(5,5,7,9,11,12)
(5,5,7,10,10,12)
(5,5,7,10,11,11)
(5,5,8,8,11,12)
(5,5,8,9,10,12)
(5,5,8,9,11,11)
(5,5,8,10,10,11)
(5,5,9,9,9,12)
(5,5,9,9,10,11)
(5,5,9,10,10,10)
(5,6,6,8,12,12)
(5,6,6,9,11,12)
(5,6,6,10,10,12)
(5,6,6,10,11,11)
(5,6,7,7,12,12)
(5,6,7,8,11,12)
(5,6,7,9,10,12)
(5,6,7,9,11,11)
(5,6,7,10,10,11)
(5,6,8,8,10,12)
(5,6,8,8,11,11)
(5,6,8,9,9,12)
(5,6,8,9,10,11)
(5,6,8,10,10,10)
(5,6,9,9,9,11)
(5,6,9,9,10,10)
(5,7,7,7,11,12)
(5,7,7,8,10,12)
(5,7,7,8,11,11)
(5,7,7,9,9,12)
(5,7,7,9,10,11)
(5,7,7,10,10,10)
(5,7,8,8,9,12)
(5,7,8,8,10,11)
(5,7,8,9,9,11)
(5,7,8,9,10,10)
(5,7,9,9,9,10)
(5,8,8,8,8,12)
(5,8,8,8,9,11)
(5,8,8,8,10,10)
(5,8,8,9,9,10)
(5,8,9,9,9,9)
(6,6,6,7,12,12)
(6,6,6,8,11,12)
(6,6,6,9,10,12)
(6,6,6,9,11,11)
(6,6,6,10,10,11)
(6,6,7,7,11,12)
(6,6,7,8,10,12)
(6,6,7,8,11,11)
(6,6,7,9,9,12)
(6,6,7,9,10,11)
(6,6,7,10,10,10)
(6,6,8,8,9,12)
(6,6,8,8,10,11)
(6,6,8,9,9,11)
(6,6,8,9,10,10)
(6,6,9,9,9,10)
(6,7,7,7,10,12)
(6,7,7,7,11,11)
(6,7,7,8,9,12)
(6,7,7,8,10,11)
(6,7,7,9,9,11)
(6,7,7,9,10,10)
(6,7,8,8,8,12)
(6,7,8,8,9,11)
(6,7,8,8,10,10)
(6,7,8,9,9,10)
(6,7,9,9,9,9)
(6,8,8,8,8,11)
(6,8,8,8,9,10)
(6,8,8,9,9,9)
(7,7,7,7,9,12)
(7,7,7,7,10,11)
(7,7,7,8,8,12)
(7,7,7,8,9,11)
(7,7,7,8,10,10)
(7,7,7,9,9,10)
(7,7,8,8,8,11)
(7,7,8,8,9,10)
(7,7,8,9,9,9)
(7,8,8,8,8,10)
(7,8,8,8,9,9)
(8,8,8,8,8,9)
Case 63:
(7,8,8,8)
Case 64:
(1,1,5,5)
(1,2,4,5)
(1,3,3,5)
(1,3,4,4)
(2,2,3,5)
(2,2,4,4)
(2,3,3,4)
(3,3,3,3)
Case 65:
(1,1,3,8,8)
(1,1,4,7,8)
(1,1,5,6,8)
(1,1,5,7,7)
(1,1,6,6,7)
(1,2,2,8,8)
(1,2,3,7,8)
(1,2,4,6,8)
(1,2,4,7,7)
(1,2,5,5,8)
(1,2,5,6,7)
(1,2,6,6,6)
(1,3,3,6,8)
(1,3,3,7,7)
(1,3,4,5,8)
(1,3,4,6,7)
(1,3,5,5,7)
(1,3,5,6,6)
(1,4,4,4,8)
(1,4,4,5,7)
(1,4,4,6,6)
(1,4,5,5,6)
(1,5,5,5,5)
(2,2,2,7,8)
(2,2,3,6,8)
(2,2,3,7,7)
(2,2,4,5,8)
(2,2,4,6,7)
(2,2,5,5,7)
(2,2,5,6,6)
(2,3,3,5,8)
(2,3,3,6,7)
(2,3,4,4,8)
(2,3,4,5,7)
(2,3,4,6,6)
(2,3,5,5,6)
(2,4,4,4,7)
(2,4,4,5,6)
(2,4,5,5,5)
(3,3,3,4,8)
(3,3,3,5,7)
(3,3,3,6,6)
(3,3,4,4,7)
(3,3,4,5,6)
(3,3,5,5,5)
(3,4,4,4,6)
(3,4,4,5,5)
(4,4,4,4,5)
Case 66:
(1,1,1,1)
Case 67:
(1,4,9)
(1,5,8)
(1,6,7)
(2,3,9)
(2,4,8)
(2,5,7)
(2,6,6)
(3,3,8)
(3,4,7)
(3,5,6)
(4,4,6)
(4,5,5)
Case 68:
(1,7,12)
(1,8,11)
(1,9,10)
(2,6,12)
(2,7,11)
(2,8,10)
(2,9,9)
(3,5,12)
(3,6,11)
(3,7,10)
(3,8,9)
(4,4,12)
(4,5,11)
(4,6,10)
(4,7,9)
(4,8,8)
(5,5,10)
(5,6,9)
(5,7,8)
(6,6,8)
(6,7,7)
Case 69:
(1,1,2,6,6,6)
(1,1,3,5,6,6)
(1,1,4,4,6,6)
(1,1,4,5,5,6)
(1,1,5,5,5,5)
(1,2,2,5,6,6)
(1,2,3,4,6,6)
(1,2,3,5,5,6)
(1,2,4,4,5,6)
(1,2,4,5,5,5)
(1,3,3,3,6,6)
(1,3,3,4,5,6)
(1,3,3,5,5,5)
(1,3,4,4,4,6)
(1,3,4,4,5,5)
(1,4,4,4,4,5)
(2,2,2,4,6,6)
(2,2,2,5,5,6)
(2,2,3,3,6,6)
(2,2,3,4,5,6)
(2,2,3,5,5,5)
(2,2,4,4,4,6)
(2,2,4,4,5,5)
(2,3,3,3,5,6)
(2,3,3,4,4,6)
(2,3,3,4,5,5)
(2,3,4,4,4,5)
(2,4,4,4,4,4)
(3,3,3,3,4,6)
(3,3,3,3,5,5)
(3,3,3,4,4,5)
(3,3,4,4,4,4)
Case 70:
(1,10,10,10)
(2,9,10,10)
(3,8,10,10)
(3,9,9,10)
(4,7,10,10)
(4,8,9,10)
(4,9,9,9)
(5,6,10,10)
(5,7,9,10)
(5,8,8,10)
(5,8,9,9)
(6,6,9,10)
(6,7,8,10)
(6,7,9,9)
(6,8,8,9)
(7,7,7,10)
(7,7,8,9)
(7,8,8,8)
Case 71:
(1,7,11,11)
(1,8,10,11)
(1,9,9,11)
(1,9,10,10)
(2,6,11,11)
(2,7,10,11)
(2,8,9,11)
(2,8,10,10)
(2,9,9,10)
(3,5,11,11)
(3,6,10,11)
(3,7,9,11)
(3,7,10,10)
(3,8,8,11)
(3,8,9,10)
(3,9,9,9)
(4,4,11,11)
(4,5,10,11)
(4,6,9,11)
(4,6,10,10)
(4,7,8,11)
(4,7,9,10)
(4,8,8,10)
(4,8,9,9)
(5,5,9,11)
(5,5,10,10)
(5,6,8,11)
(5,6,9,10)
(5,7,7,11)
(5,7,8,10)
(5,7,9,9)
(5,8,8,9)
(6,6,7,11)
(6,6,8,10)
(6,6,9,9)
(6,7,7,10)
(6,7,8,9)
(6,8,8,8)
(7,7,7,9)
(7,7,8,8)
Case 72:
(8,12,12,12)
(9,11,12,12)
(10,10,12,12)
(10,11,11,12)
(11,11,11,11)
Case 73:
(6,6,6)
Case 74:
(1,2,5,5,5,5)
(1,3,4,5,5,5)
(1,4,4,4,5,5)
(2,2,4,5,5,5)
(2,3,3,5,5,5)
(2,3,4,4,5,5)
(2,4,4,4,4,5)
(3,3,3,4,5,5)
(3,3,4,4,4,5)
(3,4,4,4,4,4)
Case 75:
(9,10,10,10)
Case 76:
(1,1,6,6,6)
(1,2,5,6,6)
(1,3,4,6,6)
(1,3,5,5,6)
(1,4,4,5,6)
(1,4,5,5,5)
(2,2,4,6,6)
(2,2,5,5,6)
(2,3,3,6,6)
(2,3,4,5,6)
(2,3,5,5,5)
(2,4,4,4,6)
(2,4,4,5,5)
(3,3,3,5,6)
(3,3,4,4,6)
(3,3,4,5,5)
(3,4,4,4,5)
(4,4,4,4,4)
Case 77:
(2,12)
(3,11)
(4,10)
(5,9)
(6,8)
(7,7)
Case 78:
(1,5)
(2,4)
(3,3)
Case 79:
(1,7,8,8)
(2,6,8,8)
(2,7,7,8)
(3,5,8,8)
(3,6,7,8)
(3,7,7,7)
(4,4,8,8)
(4,5,7,8)
(4,6,6,8)
(4,6,7,7)
(5,5,6,8)
(5,5,7,7)
(5,6,6,7)
(6,6,6,6)
Case 80:
(1,1,3,8,8)
(1,1,4,7,8)
(1,1,5,6,8)
(1,1,5,7,7)
(1,1,6,6,7)
(1,2,2,8,8)
(1,2,3,7,8)
(1,2,4,6,8)
(1,2,4,7,7)
(1,2,5,5,8)
(1,2,5,6,7)
(1,2,6,6,6)
(1,3,3,6,8)
(1,3,3,7,7)
(1,3,4,5,8)
(1,3,4,6,7)
(1,3,5,5,7)
(1,3,5,6,6)
(1,4,4,4,8)
(1,4,4,5,7)
(1,4,4,6,6)
(1,4,5,5,6)
(1,5,5,5,5)
(2,2,2,7,8)
(2,2,3,6,8)
(2,2,3,7,7)
(2,2,4,5,8)
(2,2,4,6,7)
(2,2,5,5,7)
(2,2,5,6,6)
(2,3,3,5,8)
(2,3,3,6,7)
(2,3,4,4,8)
(2,3,4,5,7)
(2,3,4,6,6)
(2,3,5,5,6)
(2,4,4,4,7)
(2,4,4,5,6)
(2,4,5,5,5)
(3,3,3,4,8)
(3,3,3,5,7)
(3,3,3,6,6)
(3,3,4,4,7)
(3,3,4,5,6)
(3,3,5,5,5)
(3,4,4,4,6)
(3,4,4,5,5)
(4,4,4,4,5)
Case 81:
(1,9,12,12)
(1,10,11,12)
(1,11,11,11)
(2,8,12,12)
(2,9,11,12)
(2,10,10,12)
(2,10,11,11)
(3,7,12,12)
(3,8,11,12)
(3,9,10,12)
(3,9,11,11)
(3,10,10,11)
(4,6,12,12)
(4,7,11,12)
(4,8,10,12)
(4,8,11,11)
(4,9,9,12)
(4,9,10,11)
(4,10,10,10)
(5,5,12,12)
(5,6,11,12)
(5,7,10,12)
(5,7,11,11)
(5,8,9,12)
(5,8,10,11)
(5,9,9,11)
(5,9,10,10)
(6,6,10,12)
(6,6,11,11)
(6,7,9,12)
(6,7,10,11)
(6,8,8,12)
(6,8,9,11)
(6,8,10,10)
(6,9,9,10)
(7,7,8,12)
(7,7,9,11)
(7,7,10,10)
(7,8,8,11)
(7,8,9,10)
(7,9,9,9)
(8,8,8,10)
(8,8,9,9)
Case 82:
(1,1,1,2)
Case 83:
(1,3)
(2,2)
Case 84:
(1,1,1,1)
Case 85:
(1,5,9,9)
(1,6,8,9)
(1,7,7,9)
(1,7,8,8)
(2,4,9,9)
(2,5,8,9)
(2,6,7,9)
(2,6,8,8)
(2,7,7,8)
(3,3,9,9)
(3,4,8,9)
(3,5,7,9)
(3,5,8,8)
(3,6,6,9)
(3,6,7,8)
(3,7,7,7)
(4,4,7,9)
(4,4,8,8)
(4,5,6,9)
(4,5,7,8)
(4,6,6,8)
(4,6,7,7)
(5,5,5,9)
(5,5,6,8)
(5,5,7,7)
(5,6,6,7)
(6,6,6,6)
Case 86:
(4,5,5,5,5)
Case 87:
(1,8,11,11,11)
(1,9,10,11,11)
(1,10,10,10,11)
(2,7,11,11,11)
(2,8,10,11,11)
(2,9,9,11,11)
(2,9,10,10,11)
(2,10,10,10,10)
(3,6,11,11,11)
(3,7,10,11,11)
(3,8,9,11,11)
(3,8,10,10,11)
(3,9,9,10,11)
(3,9,10,10,10)
(4,5,11,11,11)
(4,6,10,11,11)
(4,7,9,11,11)
(4,7,10,10,11)
(4,8,8,11,11)
(4,8,9,10,11)
(4,8,10,10,10)
(4,9,9,9,11)
(4,9,9,10,10)
(5,5,10,11,11)
(5,6,9,11,11)
(5,6,10,10,11)
(5,7,8,11,11)
(5,7,9,10,11)
(5,7,10,10,10)
(5,8,8,10,11)
(5,8,9,9,11)
(5,8,9,10,10)
(5,9,9,9,10)
(6,6,8,11,11)
(6,6,9,10,11)
(6,6,10,10,10)
(6,7,7,11,11)
(6,7,8,10,11)
(6,7,9,9,11)
(6,7,9,10,10)
(6,8,8,9,11)
(6,8,8,10,10)
(6,8,9,9,10)
(6,9,9,9,9)
(7,7,7,10,11)
(7,7,8,9,11)
(7,7,8,10,10)
(7,7,9,9,10)
(7,8,8,8,11)
(7,8,8,9,10)
(7,8,9,9,9)
(8,8,8,8,10)
(8,8,8,9,9)
Case 88:
(5,5)
Case 89:
(1,6,8,8,8,8)
(1,7,7,8,8,8)
(2,5,8,8,8,8)
(2,6,7,8,8,8)
(2,7,7,7,8,8)
(3,4,8,8,8,8)
(3,5,7,8,8,8)
(3,6,6,8,8,8)
(3,6,7,7,8,8)
(3,7,7,7,7,8)
(4,4,7,8,8,8)
(4,5,6,8,8,8)
(4,5,7,7,8,8)
(4,6,6,7,8,8)
(4,6,7,7,7,8)
(4,7,7,7,7,7)
(5,5,5,8,8,8)
(5,5,6,7,8,8)
(5,5,7,7,7,8)
(5,6,6,6,8,8)
(5,6,6,7,7,8)
(5,6,7,7,7,7)
(6,6,6,6,7,8)
(6,6,6,7,7,7)
Case 90:
(1,1,4)
(1,2,3)
(2,2,2)
Case 91:
(1,1,1,1)
Case 92:
(1,3)
(2,2)
Case 93:
(1,1,6,9,9,9)
(1,1,7,8,9,9)
(1,1,8,8,8,9)
(1,2,5,9,9,9)
(1,2,6,8,9,9)
(1,2,7,7,9,9)
(1,2,7,8,8,9)
(1,2,8,8,8,8)
(1,3,4,9,9,9)
(1,3,5,8,9,9)
(1,3,6,7,9,9)
(1,3,6,8,8,9)
(1,3,7,7,8,9)
(1,3,7,8,8,8)
(1,4,4,8,9,9)
(1,4,5,7,9,9)
(1,4,5,8,8,9)
(1,4,6,6,9,9)
(1,4,6,7,8,9)
(1,4,6,8,8,8)
(1,4,7,7,7,9)
(1,4,7,7,8,8)
(1,5,5,6,9,9)
(1,5,5,7,8,9)
(1,5,5,8,8,8)
(1,5,6,6,8,9)
(1,5,6,7,7,9)
(1,5,6,7,8,8)
(1,5,7,7,7,8)
(1,6,6,6,7,9)
(1,6,6,6,8,8)
(1,6,6,7,7,8)
(1,6,7,7,7,7)
(2,2,4,9,9,9)
(2,2,5,8,9,9)
(2,2,6,7,9,9)
(2,2,6,8,8,9)
(2,2,7,7,8,9)
(2,2,7,8,8,8)
(2,3,3,9,9,9)
(2,3,4,8,9,9)
(2,3,5,7,9,9)
(2,3,5,8,8,9)
(2,3,6,6,9,9)
(2,3,6,7,8,9)
(2,3,6,8,8,8)
(2,3,7,7,7,9)
(2,3,7,7,8,8)
(2,4,4,7,9,9)
(2,4,4,8,8,9)
(2,4,5,6,9,9)
(2,4,5,7,8,9)
(2,4,5,8,8,8)
(2,4,6,6,8,9)
(2,4,6,7,7,9)
(2,4,6,7,8,8)
(2,4,7,7,7,8)
(2,5,5,5,9,9)
(2,5,5,6,8,9)
(2,5,5,7,7,9)
(2,5,5,7,8,8)
(2,5,6,6,7,9)
(2,5,6,6,8,8)
(2,5,6,7,7,8)
(2,5,7,7,7,7)
(2,6,6,6,6,9)
(2,6,6,6,7,8)
(2,6,6,7,7,7)
(3,3,3,8,9,9)
(3,3,4,7,9,9)
(3,3,4,8,8,9)
(3,3,5,6,9,9)
(3,3,5,7,8,9)
(3,3,5,8,8,8)
(3,3,6,6,8,9)
(3,3,6,7,7,9)
(3,3,6,7,8,8)
(3,3,7,7,7,8)
(3,4,4,6,9,9)
(3,4,4,7,8,9)
(3,4,4,8,8,8)
(3,4,5,5,9,9)
(3,4,5,6,8,9)
(3,4,5,7,7,9)
(3,4,5,7,8,8)
(3,4,6,6,7,9)
(3,4,6,6,8,8)
(3,4,6,7,7,8)
(3,4,7,7,7,7)
(3,5,5,5,8,9)
(3,5,5,6,7,9)
(3,5,5,6,8,8)
(3,5,5,7,7,8)
(3,5,6,6,6,9)
(3,5,6,6,7,8)
(3,5,6,7,7,7)
(3,6,6,6,6,8)
(3,6,6,6,7,7)
(4,4,4,5,9,9)
(4,4,4,6,8,9)
(4,4,4,7,7,9)
(4,4,4,7,8,8)
(4,4,5,5,8,9)
(4,4,5,6,7,9)
(4,4,5,6,8,8)
(4,4,5,7,7,8)
(4,4,6,6,6,9)
(4,4,6,6,7,8)
(4,4,6,7,7,7)
(4,5,5,5,7,9)
(4,5,5,5,8,8)
(4,5,5,6,6,9)
(4,5,5,6,7,8)
(4,5,5,7,7,7)
(4,5,6,6,6,8)
(4,5,6,6,7,7)
(4,6,6,6,6,7)
(5,5,5,5,6,9)
(5,5,5,5,7,8)
(5,5,5,6,6,8)
(5,5,5,6,7,7)
(5,5,6,6,6,7)
(5,6,6,6,6,6)
Case 94:
(1,1,1,8,8)
(1,1,2,7,8)
(1,1,3,6,8)
(1,1,3,7,7)
(1,1,4,5,8)
(1,1,4,6,7)
(1,1,5,5,7)
(1,1,5,6,6)
(1,2,2,6,8)
(1,2,2,7,7)
(1,2,3,5,8)
(1,2,3,6,7)
(1,2,4,4,8)
(1,2,4,5,7)
(1,2,4,6,6)
(1,2,5,5,6)
(1,3,3,4,8)
(1,3,3,5,7)
(1,3,3,6,6)
(1,3,4,4,7)
(1,3,4,5,6)
(1,3,5,5,5)
(1,4,4,4,6)
(1,4,4,5,5)
(2,2,2,5,8)
(2,2,2,6,7)
(2,2,3,4,8)
(2,2,3,5,7)
(2,2,3,6,6)
(2,2,4,4,7)
(2,2,4,5,6)
(2,2,5,5,5)
(2,3,3,3,8)
(2,3,3,4,7)
(2,3,3,5,6)
(2,3,4,4,6)
(2,3,4,5,5)
(2,4,4,4,5)
(3,3,3,3,7)
(3,3,3,4,6)
(3,3,3,5,5)
(3,3,4,4,5)
(3,4,4,4,4)
Case 95:
(1,1)
Case 96:
(1,1,1,5)
(1,1,2,4)
(1,1,3,3)
(1,2,2,3)
(2,2,2,2)
Case 97:
(1,1,7,7,7)
(1,2,6,7,7)
(1,3,5,7,7)
(1,3,6,6,7)
(1,4,4,7,7)
(1,4,5,6,7)
(1,4,6,6,6)
(1,5,5,5,7)
(1,5,5,6,6)
(2,2,5,7,7)
(2,2,6,6,7)
(2,3,4,7,7)
(2,3,5,6,7)
(2,3,6,6,6)
(2,4,4,6,7)
(2,4,5,5,7)
(2,4,5,6,6)
(2,5,5,5,6)
(3,3,3,7,7)
(3,3,4,6,7)
(3,3,5,5,7)
(3,3,5,6,6)
(3,4,4,5,7)
(3,4,4,6,6)
(3,4,5,5,6)
(3,5,5,5,5)
(4,4,4,4,7)
(4,4,4,5,6)
(4,4,5,5,5)
Case 98:
(1,1,6,7)
(1,2,5,7)
(1,2,6,6)
(1,3,4,7)
(1,3,5,6)
(1,4,4,6)
(1,4,5,5)
(2,2,4,7)
(2,2,5,6)
(2,3,3,7)
(2,3,4,6)
(2,3,5,5)
(2,4,4,5)
(3,3,3,6)
(3,3,4,5)
(3,4,4,4)
Case 99:
(1,8,12)
(1,9,11)
(1,10,10)
(2,7,12)
(2,8,11)
(2,9,10)
(3,6,12)
(3,7,11)
(3,8,10)
(3,9,9)
(4,5,12)
(4,6,11)
(4,7,10)
(4,8,9)
(5,5,11)
(5,6,10)
(5,7,9)
(5,8,8)
(6,6,9)
(6,7,8)
(7,7,7)
Case 100:
(1,1,1,1,1,3)
(1,1,1,1,2,2)
Case 101:
(1,5,6,6,6)
(2,4,6,6,6)
(2,5,5,6,6)
(3,3,6,6,6)
(3,4,5,6,6)
(3,5,5,5,6)
(4,4,4,6,6)
(4,4,5,5,6)
(4,5,5,5,5)
Case 102:
(1,1,1)
Case 103:
(1,3,4,4,4,4)
(2,2,4,4,4,4)
(2,3,3,4,4,4)
(3,3,3,3,4,4)
Case 104:
(5,11,11,11)
(6,10,11,11)
(7,9,11,11)
(7,10,10,11)
(8,8,11,11)
(8,9,10,11)
(8,10,10,10)
(9,9,9,11)
(9,9,10,10)
Case 105:
(9,9,9,9,9,9)
Case 106:
(1,8)
(2,7)
(3,6)
(4,5)
Case 107:
(1,8,11)
(1,9,10)
(2,7,11)
(2,8,10)
(2,9,9)
(3,6,11)
(3,7,10)
(3,8,9)
(4,5,11)
(4,6,10)
(4,7,9)
(4,8,8)
(5,5,10)
(5,6,9)
(5,7,8)
(6,6,8)
(6,7,7)
Case 108:
(6,8,8,8)
(7,7,8,8)
Case 109:
(1,7,8,8)
(2,6,8,8)
(2,7,7,8)
(3,5,8,8)
(3,6,7,8)
(3,7,7,7)
(4,4,8,8)
(4,5,7,8)
(4,6,6,8)
(4,6,7,7)
(5,5,6,8)
(5,5,7,7)
(5,6,6,7)
(6,6,6,6)
Case 110:
(1,2,8,8,8)
(1,3,7,8,8)
(1,4,6,8,8)
(1,4,7,7,8)
(1,5,5,8,8)
(1,5,6,7,8)
(1,5,7,7,7)
(1,6,6,6,8)
(1,6,6,7,7)
(2,2,7,8,8)
(2,3,6,8,8)
(2,3,7,7,8)
(2,4,5,8,8)
(2,4,6,7,8)
(2,4,7,7,7)
(2,5,5,7,8)
(2,5,6,6,8)
(2,5,6,7,7)
(2,6,6,6,7)
(3,3,5,8,8)
(3,3,6,7,8)
(3,3,7,7,7)
(3,4,4,8,8)
(3,4,5,7,8)
(3,4,6,6,8)
(3,4,6,7,7)
(3,5,5,6,8)
(3,5,5,7,7)
(3,5,6,6,7)
(3,6,6,6,6)
(4,4,4,7,8)
(4,4,5,6,8)
(4,4,5,7,7)
(4,4,6,6,7)
(4,5,5,5,8)
(4,5,5,6,7)
(4,5,6,6,6)
(5,5,5,5,7)
(5,5,5,6,6)
Case 111:
(1,2,10,10,10)
(1,3,9,10,10)
(1,4,8,10,10)
(1,4,9,9,10)
(1,5,7,10,10)
(1,5,8,9,10)
(1,5,9,9,9)
(1,6,6,10,10)
(1,6,7,9,10)
(1,6,8,8,10)
(1,6,8,9,9)
(1,7,7,8,10)
(1,7,7,9,9)
(1,7,8,8,9)
(1,8,8,8,8)
(2,2,9,10,10)
(2,3,8,10,10)
(2,3,9,9,10)
(2,4,7,10,10)
(2,4,8,9,10)
(2,4,9,9,9)
(2,5,6,10,10)
(2,5,7,9,10)
(2,5,8,8,10)
(2,5,8,9,9)
(2,6,6,9,10)
(2,6,7,8,10)
(2,6,7,9,9)
(2,6,8,8,9)
(2,7,7,7,10)
(2,7,7,8,9)
(2,7,8,8,8)
(3,3,7,10,10)
(3,3,8,9,10)
(3,3,9,9,9)
(3,4,6,10,10)
(3,4,7,9,10)
(3,4,8,8,10)
(3,4,8,9,9)
(3,5,5,10,10)
(3,5,6,9,10)
(3,5,7,8,10)
(3,5,7,9,9)
(3,5,8,8,9)
(3,6,6,8,10)
(3,6,6,9,9)
(3,6,7,7,10)
(3,6,7,8,9)
(3,6,8,8,8)
(3,7,7,7,9)
(3,7,7,8,8)
(4,4,5,10,10)
(4,4,6,9,10)
(4,4,7,8,10)
(4,4,7,9,9)
(4,4,8,8,9)
(4,5,5,9,10)
(4,5,6,8,10)
(4,5,6,9,9)
(4,5,7,7,10)
(4,5,7,8,9)
(4,5,8,8,8)
(4,6,6,7,10)
(4,6,6,8,9)
(4,6,7,7,9)
(4,6,7,8,8)
(4,7,7,7,8)
(5,5,5,8,10)
(5,5,5,9,9)
(5,5,6,7,10)
(5,5,6,8,9)
(5,5,7,7,9)
(5,5,7,8,8)
(5,6,6,6,10)
(5,6,6,7,9)
(5,6,6,8,8)
(5,6,7,7,8)
(5,7,7,7,7)
(6,6,6,6,9)
(6,6,6,7,8)
(6,6,7,7,7)
Case 112:
(1,1,8,12)
(1,1,9,11)
(1,1,10,10)
(1,2,7,12)
(1,2,8,11)
(1,2,9,10)
(1,3,6,12)
(1,3,7,11)
(1,3,8,10)
(1,3,9,9)
(1,4,5,12)
(1,4,6,11)
(1,4,7,10)
(1,4,8,9)
(1,5,5,11)
(1,5,6,10)
(1,5,7,9)
(1,5,8,8)
(1,6,6,9)
(1,6,7,8)
(1,7,7,7)
(2,2,6,12)
(2,2,7,11)
(2,2,8,10)
(2,2,9,9)
(2,3,5,12)
(2,3,6,11)
(2,3,7,10)
(2,3,8,9)
(2,4,4,12)
(2,4,5,11)
(2,4,6,10)
(2,4,7,9)
(2,4,8,8)
(2,5,5,10)
(2,5,6,9)
(2,5,7,8)
(2,6,6,8)
(2,6,7,7)
(3,3,4,12)
(3,3,5,11)
(3,3,6,10)
(3,3,7,9)
(3,3,8,8)
(3,4,4,11)
(3,4,5,10)
(3,4,6,9)
(3,4,7,8)
(3,5,5,9)
(3,5,6,8)
(3,5,7,7)
(3,6,6,7)
(4,4,4,10)
(4,4,5,9)
(4,4,6,8)
(4,4,7,7)
(4,5,5,8)
(4,5,6,7)
(4,6,6,6)
(5,5,5,7)
(5,5,6,6)
Case 113:
(1,1,1,7,9,9)
(1,1,1,8,8,9)
(1,1,2,6,9,9)
(1,1,2,7,8,9)
(1,1,2,8,8,8)
(1,1,3,5,9,9)
(1,1,3,6,8,9)
(1,1,3,7,7,9)
(1,1,3,7,8,8)
(1,1,4,4,9,9)
(1,1,4,5,8,9)
(1,1,4,6,7,9)
(1,1,4,6,8,8)
(1,1,4,7,7,8)
(1,1,5,5,7,9)
(1,1,5,5,8,8)
(1,1,5,6,6,9)
(1,1,5,6,7,8)
(1,1,5,7,7,7)
(1,1,6,6,6,8)
(1,1,6,6,7,7)
(1,2,2,5,9,9)
(1,2,2,6,8,9)
(1,2,2,7,7,9)
(1,2,2,7,8,8)
(1,2,3,4,9,9)
(1,2,3,5,8,9)
(1,2,3,6,7,9)
(1,2,3,6,8,8)
(1,2,3,7,7,8)
(1,2,4,4,8,9)
(1,2,4,5,7,9)
(1,2,4,5,8,8)
(1,2,4,6,6,9)
(1,2,4,6,7,8)
(1,2,4,7,7,7)
(1,2,5,5,6,9)
(1,2,5,5,7,8)
(1,2,5,6,6,8)
(1,2,5,6,7,7)
(1,2,6,6,6,7)
(1,3,3,3,9,9)
(1,3,3,4,8,9)
(1,3,3,5,7,9)
(1,3,3,5,8,8)
(1,3,3,6,6,9)
(1,3,3,6,7,8)
(1,3,3,7,7,7)
(1,3,4,4,7,9)
(1,3,4,4,8,8)
(1,3,4,5,6,9)
(1,3,4,5,7,8)
(1,3,4,6,6,8)
(1,3,4,6,7,7)
(1,3,5,5,5,9)
(1,3,5,5,6,8)
(1,3,5,5,7,7)
(1,3,5,6,6,7)
(1,3,6,6,6,6)
(1,4,4,4,6,9)
(1,4,4,4,7,8)
(1,4,4,5,5,9)
(1,4,4,5,6,8)
(1,4,4,5,7,7)
(1,4,4,6,6,7)
(1,4,5,5,5,8)
(1,4,5,5,6,7)
(1,4,5,6,6,6)
(1,5,5,5,5,7)
(1,5,5,5,6,6)
(2,2,2,4,9,9)
(2,2,2,5,8,9)
(2,2,2,6,7,9)
(2,2,2,6,8,8)
(2,2,2,7,7,8)
(2,2,3,3,9,9)
(2,2,3,4,8,9)
(2,2,3,5,7,9)
(2,2,3,5,8,8)
(2,2,3,6,6,9)
(2,2,3,6,7,8)
(2,2,3,7,7,7)
(2,2,4,4,7,9)
(2,2,4,4,8,8)
(2,2,4,5,6,9)
(2,2,4,5,7,8)
(2,2,4,6,6,8)
(2,2,4,6,7,7)
(2,2,5,5,5,9)
(2,2,5,5,6,8)
(2,2,5,5,7,7)
(2,2,5,6,6,7)
(2,2,6,6,6,6)
(2,3,3,3,8,9)
(2,3,3,4,7,9)
(2,3,3,4,8,8)
(2,3,3,5,6,9)
(2,3,3,5,7,8)
(2,3,3,6,6,8)
(2,3,3,6,7,7)
(2,3,4,4,6,9)
(2,3,4,4,7,8)
(2,3,4,5,5,9)
(2,3,4,5,6,8)
(2,3,4,5,7,7)
(2,3,4,6,6,7)
(2,3,5,5,5,8)
(2,3,5,5,6,7)
(2,3,5,6,6,6)
(2,4,4,4,5,9)
(2,4,4,4,6,8)
(2,4,4,4,7,7)
(2,4,4,5,5,8)
(2,4,4,5,6,7)
(2,4,4,6,6,6)
(2,4,5,5,5,7)
(2,4,5,5,6,6)
(2,5,5,5,5,6)
(3,3,3,3,7,9)
(3,3,3,3,8,8)
(3,3,3,4,6,9)
(3,3,3,4,7,8)
(3,3,3,5,5,9)
(3,3,3,5,6,8)
(3,3,3,5,7,7)
(3,3,3,6,6,7)
(3,3,4,4,5,9)
(3,3,4,4,6,8)
(3,3,4,4,7,7)
(3,3,4,5,5,8)
(3,3,4,5,6,7)
(3,3,4,6,6,6)
(3,3,5,5,5,7)
(3,3,5,5,6,6)
(3,4,4,4,4,9)
(3,4,4,4,5,8)
(3,4,4,4,6,7)
(3,4,4,5,5,7)
(3,4,4,5,6,6)
(3,4,5,5,5,6)
(3,5,5,5,5,5)
(4,4,4,4,4,8)
(4,4,4,4,5,7)
(4,4,4,4,6,6)
(4,4,4,5,5,6)
(4,4,5,5,5,5)
Case 114:
(1,1,1,1,3)
(1,1,1,2,2)
Case 115:
(3,6)
(4,5)
Case 116:
(4,4,4,4)
Case 117:
(1,1,1,1,4)
(1,1,1,2,3)
(1,1,2,2,2)
Case 118:
(1,1,9)
(1,2,8)
(1,3,7)
(1,4,6)
(1,5,5)
(2,2,7)
(2,3,6)
(2,4,5)
(3,3,5)
(3,4,4)
Case 119:
(1,2)
Case 120:
(1,1,1,1,1,1)
Case 121:
(1,1,1,7)
(1,1,2,6)
(1,1,3,5)
(1,1,4,4)
(1,2,2,5)
(1,2,3,4)
(1,3,3,3)
(2,2,2,4)
(2,2,3,3)
Case 122:
(1,1,2,3)
(1,2,2,2)
Case 123:
(3,8,8,8)
(4,7,8,8)
(5,6,8,8)
(5,7,7,8)
(6,6,7,8)
(6,7,7,7)
Case 124:
(1,1,1,1,2,6)
(1,1,1,1,3,5)
(1,1,1,1,4,4)
(1,1,1,2,2,5)
(1,1,1,2,3,4)
(1,1,1,3,3,3)
(1,1,2,2,2,4)
(1,1,2,2,3,3)
(1,2,2,2,2,3)
(2,2,2,2,2,2)
Case 125:
(5,10)
(6,9)
(7,8)
Case 126:
(4,5,5,5,5)
Case 127:
(1,1,3)
(1,2,2)
Case 128:
(4,8,8,8,8,8)
(5,7,8,8,8,8)
(6,6,8,8,8,8)
(6,7,7,8,8,8)
(7,7,7,7,8,8)
Case 129:
(6,9,9,9,9)
(7,8,9,9,9)
(8,8,8,9,9)
Case 130:
(1,2,5,5,5)
(1,3,4,5,5)
(1,4,4,4,5)
(2,2,4,5,5)
(2,3,3,5,5)
(2,3,4,4,5)
(2,4,4,4,4)
(3,3,3,4,5)
(3,3,4,4,4)
Case 131:
(1,3,3,3)
(2,2,3,3)
Case 132:
(1,2,4)
(1,3,3)
(2,2,3)
Case 133:
(1,1,5,12,12,12)
(1,1,6,11,12,12)
(1,1,7,10,12,12)
(1,1,7,11,11,12)
(1,1,8,9,12,12)
(1,1,8,10,11,12)
(1,1,8,11,11,11)
(1,1,9,9,11,12)
(1,1,9,10,10,12)
(1,1,9,10,11,11)
(1,1,10,10,10,11)
(1,2,4,12,12,12)
(1,2,5,11,12,12)
(1,2,6,10,12,12)
(1,2,6,11,11,12)
(1,2,7,9,12,12)
(1,2,7,10,11,12)
(1,2,7,11,11,11)
(1,2,8,8,12,12)
(1,2,8,9,11,12)
(1,2,8,10,10,12)
(1,2,8,10,11,11)
(1,2,9,9,10,12)
(1,2,9,9,11,11)
(1,2,9,10,10,11)
(1,2,10,10,10,10)
(1,3,3,12,12,12)
(1,3,4,11,12,12)
(1,3,5,10,12,12)
(1,3,5,11,11,12)
(1,3,6,9,12,12)
(1,3,6,10,11,12)
(1,3,6,11,11,11)
(1,3,7,8,12,12)
(1,3,7,9,11,12)
(1,3,7,10,10,12)
(1,3,7,10,11,11)
(1,3,8,8,11,12)
(1,3,8,9,10,12)
(1,3,8,9,11,11)
(1,3,8,10,10,11)
(1,3,9,9,9,12)
(1,3,9,9,10,11)
(1,3,9,10,10,10)
(1,4,4,10,12,12)
(1,4,4,11,11,12)
(1,4,5,9,12,12)
(1,4,5,10,11,12)
(1,4,5,11,11,11)
(1,4,6,8,12,12)
(1,4,6,9,11,12)
(1,4,6,10,10,12)
(1,4,6,10,11,11)
(1,4,7,7,12,12)
(1,4,7,8,11,12)
(1,4,7,9,10,12)
(1,4,7,9,11,11)
(1,4,7,10,10,11)
(1,4,8,8,10,12)
(1,4,8,8,11,11)
(1,4,8,9,9,12)
(1,4,8,9,10,11)
(1,4,8,10,10,10)
(1,4,9,9,9,11)
(1,4,9,9,10,10)
(1,5,5,8,12,12)
(1,5,5,9,11,12)
(1,5,5,10,10,12)
(1,5,5,10,11,11)
(1,5,6,7,12,12)
(1,5,6,8,11,12)
(1,5,6,9,10,12)
(1,5,6,9,11,11)
(1,5,6,10,10,11)
(1,5,7,7,11,12)
(1,5,7,8,10,12)
(1,5,7,8,11,11)
(1,5,7,9,9,12)
(1,5,7,9,10,11)
(1,5,7,10,10,10)
(1,5,8,8,9,12)
(1,5,8,8,10,11)
(1,5,8,9,9,11)
(1,5,8,9,10,10)
(1,5,9,9,9,10)
(1,6,6,6,12,12)
(1,6,6,7,11,12)
(1,6,6,8,10,12)
(1,6,6,8,11,11)
(1,6,6,9,9,12)
(1,6,6,9,10,11)
(1,6,6,10,10,10)
(1,6,7,7,10,12)
(1,6,7,7,11,11)
(1,6,7,8,9,12)
(1,6,7,8,10,11)
(1,6,7,9,9,11)
(1,6,7,9,10,10)
(1,6,8,8,8,12)
(1,6,8,8,9,11)
(1,6,8,8,10,10)
(1,6,8,9,9,10)
(1,6,9,9,9,9)
(1,7,7,7,9,12)
(1,7,7,7,10,11)
(1,7,7,8,8,12)
(1,7,7,8,9,11)
(1,7,7,8,10,10)
(1,7,7,9,9,10)
(1,7,8,8,8,11)
(1,7,8,8,9,10)
(1,7,8,9,9,9)
(1,8,8,8,8,10)
(1,8,8,8,9,9)
(2,2,3,12,12,12)
(2,2,4,11,12,12)
(2,2,5,10,12,12)
(2,2,5,11,11,12)
(2,2,6,9,12,12)
(2,2,6,10,11,12)
(2,2,6,11,11,11)
(2,2,7,8,12,12)
(2,2,7,9,11,12)
(2,2,7,10,10,12)
(2,2,7,10,11,11)
(2,2,8,8,11,12)
(2,2,8,9,10,12)
(2,2,8,9,11,11)
(2,2,8,10,10,11)
(2,2,9,9,9,12)
(2,2,9,9,10,11)
(2,2,9,10,10,10)
(2,3,3,11,12,12)
(2,3,4,10,12,12)
(2,3,4,11,11,12)
(2,3,5,9,12,12)
(2,3,5,10,11,12)
(2,3,5,11,11,11)
(2,3,6,8,12,12)
(2,3,6,9,11,12)
(2,3,6,10,10,12)
(2,3,6,10,11,11)
(2,3,7,7,12,12)
(2,3,7,8,11,12)
(2,3,7,9,10,12)
(2,3,7,9,11,11)
(2,3,7,10,10,11)
(2,3,8,8,10,12)
(2,3,8,8,11,11)
(2,3,8,9,9,12)
(2,3,8,9,10,11)
(2,3,8,10,10,10)
(2,3,9,9,9,11)
(2,3,9,9,10,10)
(2,4,4,9,12,12)
(2,4,4,10,11,12)
(2,4,4,11,11,11)
(2,4,5,8,12,12)
(2,4,5,9,11,12)
(2,4,5,10,10,12)
(2,4,5,10,11,11)
(2,4,6,7,12,12)
(2,4,6,8,11,12)
(2,4,6,9,10,12)
(2,4,6,9,11,11)
(2,4,6,10,10,11)
(2,4,7,7,11,12)
(2,4,7,8,10,12)
(2,4,7,8,11,11)
(2,4,7,9,9,12)
(2,4,7,9,10,11)
(2,4,7,10,10,10)
(2,4,8,8,9,12)
(2,4,8,8,10,11)
(2,4,8,9,9,11)
(2,4,8,9,10,10)
(2,4,9,9,9,10)
(2,5,5,7,12,12)
(2,5,5,8,11,12)
(2,5,5,9,10,12)
(2,5,5,9,11,11)
(2,5,5,10,10,11)
(2,5,6,6,12,12)
(2,5,6,7,11,12)
(2,5,6,8,10,12)
(2,5,6,8,11,11)
(2,5,6,9,9,12)
(2,5,6,9,10,11)
(2,5,6,10,10,10)
(2,5,7,7,10,12)
(2,5,7,7,11,11)
(2,5,7,8,9,12)
(2,5,7,8,10,11)
(2,5,7,9,9,11)
(2,5,7,9,10,10)
(2,5,8,8,8,12)
(2,5,8,8,9,11)
(2,5,8,8,10,10)
(2,5,8,9,9,10)
(2,5,9,9,9,9)
(2,6,6,6,11,12)
(2,6,6,7,10,12)
(2,6,6,7,11,11)
(2,6,6,8,9,12)
(2,6,6,8,10,11)
(2,6,6,9,9,11)
(2,6,6,9,10,10)
(2,6,7,7,9,12)
(2,6,7,7,10,11)
(2,6,7,8,8,12)
(2,6,7,8,9,11)
(2,6,7,8,10,10)
(2,6,7,9,9,10)
(2,6,8,8,8,11)
(2,6,8,8,9,10)
(2,6,8,9,9,9)
(2,7,7,7,8,12)
(2,7,7,7,9,11)
(2,7,7,7,10,10)
(2,7,7,8,8,11)
(2,7,7,8,9,10)
(2,7,7,9,9,9)
(2,7,8,8,8,10)
(2,7,8,8,9,9)
(2,8,8,8,8,9)
(3,3,3,10,12,12)
(3,3,3,11,11,12)
(3,3,4,9,12,12)
(3,3,4,10,11,12)
(3,3,4,11,11,11)
(3,3,5,8,12,12)
(3,3,5,9,11,12)
(3,3,5,10,10,12)
(3,3,5,10,11,11)
(3,3,6,7,12,12)
(3,3,6,8,11,12)
(3,3,6,9,10,12)
(3,3,6,9,11,11)
(3,3,6,10,10,11)
(3,3,7,7,11,12)
(3,3,7,8,10,12)
(3,3,7,8,11,11)
(3,3,7,9,9,12)
(3,3,7,9,10,11)
(3,3,7,10,10,10)
(3,3,8,8,9,12)
(3,3,8,8,10,11)
(3,3,8,9,9,11)
(3,3,8,9,10,10)
(3,3,9,9,9,10)
(3,4,4,8,12,12)
(3,4,4,9,11,12)
(3,4,4,10,10,12)
(3,4,4,10,11,11)
(3,4,5,7,12,12)
(3,4,5,8,11,12)
(3,4,5,9,10,12)
(3,4,5,9,11,11)
(3,4,5,10,10,11)
(3,4,6,6,12,12)
(3,4,6,7,11,12)
(3,4,6,8,10,12)
(3,4,6,8,11,11)
(3,4,6,9,9,12)
(3,4,6,9,10,11)
(3,4,6,10,10,10)
(3,4,7,7,10,12)
(3,4,7,7,11,11)
(3,4,7,8,9,12)
(3,4,7,8,10,11)
(3,4,7,9,9,11)
(3,4,7,9,10,10)
(3,4,8,8,8,12)
(3,4,8,8,9,11)
(3,4,8,8,10,10)
(3,4,8,9,9,10)
(3,4,9,9,9,9)
(3,5,5,6,12,12)
(3,5,5,7,11,12)
(3,5,5,8,10,12)
(3,5,5,8,11,11)
(3,5,5,9,9,12)
(3,5,5,9,10,11)
(3,5,5,10,10,10)
(3,5,6,6,11,12)
(3,5,6,7,10,12)
(3,5,6,7,11,11)
(3,5,6,8,9,12)
(3,5,6,8,10,11)
(3,5,6,9,9,11)
(3,5,6,9,10,10)
(3,5,7,7,9,12)
(3,5,7,7,10,11)
(3,5,7,8,8,12)
(3,5,7,8,9,11)
(3,5,7,8,10,10)
(3,5,7,9,9,10)
(3,5,8,8,8,11)
(3,5,8,8,9,10)
(3,5,8,9,9,9)
(3,6,6,6,10,12)
(3,6,6,6,11,11)
(3,6,6,7,9,12)
(3,6,6,7,10,11)
(3,6,6,8,8,12)
(3,6,6,8,9,11)
(3,6,6,8,10,10)
(3,6,6,9,9,10)
(3,6,7,7,8,12)
(3,6,7,7,9,11)
(3,6,7,7,10,10)
(3,6,7,8,8,11)
(3,6,7,8,9,10)
(3,6,7,9,9,9)
(3,6,8,8,8,10)
(3,6,8,8,9,9)
(3,7,7,7,7,12)
(3,7,7,7,8,11)
(3,7,7,7,9,10)
(3,7,7,8,8,10)
(3,7,7,8,9,9)
(3,7,8,8,8,9)
(3,8,8,8,8,8)
(4,4,4,7,12,12)
(4,4,4,8,11,12)
(4,4,4,9,10,12)
(4,4,4,9,11,11)
(4,4,4,10,10,11)
(4,4,5,6,12,12)
(4,4,5,7,11,12)
(4,4,5,8,10,12)
(4,4,5,8,11,11)
(4,4,5,9,9,12)
(4,4,5,9,10,11)
(4,4,5,10,10,10)
(4,4,6,6,11,12)
(4,4,6,7,10,12)
(4,4,6,7,11,11)
(4,4,6,8,9,12)
(4,4,6,8,10,11)
(4,4,6,9,9,11)
(4,4,6,9,10,10)
(4,4,7,7,9,12)
(4,4,7,7,10,11)
(4,4,7,8,8,12)
(4,4,7,8,9,11)
(4,4,7,8,10,10)
(4,4,7,9,9,10)
(4,4,8,8,8,11)
(4,4,8,8,9,10)
(4,4,8,9,9,9)
(4,5,5,5,12,12)
(4,5,5,6,11,12)
(4,5,5,7,10,12)
(4,5,5,7,11,11)
(4,5,5,8,9,12)
(4,5,5,8,10,11)
(4,5,5,9,9,11)
(4,5,5,9,10,10)
(4,5,6,6,10,12)
(4,5,6,6,11,11)
(4,5,6,7,9,12)
(4,5,6,7,10,11)
(4,5,6,8,8,12)
(4,5,6,8,9,11)
(4,5,6,8,10,10)
(4,5,6,9,9,10)
(4,5,7,7,8,12)
(4,5,7,7,9,11)
(4,5,7,7,10,10)
(4,5,7,8,8,11)
(4,5,7,8,9,10)
(4,5,7,9,9,9)
(4,5,8,8,8,10)
(4,5,8,8,9,9)
(4,6,6,6,9,12)
(4,6,6,6,10,11)
(4,6,6,7,8,12)
(4,6,6,7,9,11)
(4,6,6,7,10,10)
(4,6,6,8,8,11)
(4,6,6,8,9,10)
(4,6,6,9,9,9)
(4,6,7,7,7,12)
(4,6,7,7,8,11)
(4,6,7,7,9,10)
(4,6,7,8,8,10)
(4,6,7,8,9,9)
(4,6,8,8,8,9)
(4,7,7,7,7,11)
(4,7,7,7,8,10)
(4,7,7,7,9,9)
(4,7,7,8,8,9)
(4,7,8,8,8,8)
(5,5,5,5,11,12)
(5,5,5,6,10,12)
(5,5,5,6,11,11)
(5,5,5,7,9,12)
(5,5,5,7,10,11)
(5,5,5,8,8,12)
(5,5,5,8,9,11)
(5,5,5,8,10,10)
(5,5,5,9,9,10)
(5,5,6,6,9,12)
(5,5,6,6,10,11)
(5,5,6,7,8,12)
(5,5,6,7,9,11)
(5,5,6,7,10,10)
(5,5,6,8,8,11)
(5,5,6,8,9,10)
(5,5,6,9,9,9)
(5,5,7,7,7,12)
(5,5,7,7,8,11)
(5,5,7,7,9,10)
(5,5,7,8,8,10)
(5,5,7,8,9,9)
(5,5,8,8,8,9)
(5,6,6,6,8,12)
(5,6,6,6,9,11)
(5,6,6,6,10,10)
(5,6,6,7,7,12)
(5,6,6,7,8,11)
(5,6,6,7,9,10)
(5,6,6,8,8,10)
(5,6,6,8,9,9)
(5,6,7,7,7,11)
(5,6,7,7,8,10)
(5,6,7,7,9,9)
(5,6,7,8,8,9)
(5,6,8,8,8,8)
(5,7,7,7,7,10)
(5,7,7,7,8,9)
(5,7,7,8,8,8)
(6,6,6,6,7,12)
(6,6,6,6,8,11)
(6,6,6,6,9,10)
(6,6,6,7,7,11)
(6,6,6,7,8,10)
(6,6,6,7,9,9)
(6,6,6,8,8,9)
(6,6,7,7,7,10)
(6,6,7,7,8,9)
(6,6,7,8,8,8)
(6,7,7,7,7,9)
(6,7,7,7,8,8)
(7,7,7,7,7,8)
Case 134:
(1,3,4)
(2,2,4)
(2,3,3)
Case 135:
(1,1,1,1,1,8)
(1,1,1,1,2,7)
(1,1,1,1,3,6)
(1,1,1,1,4,5)
(1,1,1,2,2,6)
(1,1,1,2,3,5)
(1,1,1,2,4,4)
(1,1,1,3,3,4)
(1,1,2,2,2,5)
(1,1,2,2,3,4)
(1,1,2,3,3,3)
(1,2,2,2,2,4)
(1,2,2,2,3,3)
(2,2,2,2,2,3)
Case 136:
(2,3,3)
Case 137:
(1,1,1,8)
(1,1,2,7)
(1,1,3,6)
(1,1,4,5)
(1,2,2,6)
(1,2,3,5)
(1,2,4,4)
(1,3,3,4)
(2,2,2,5)
(2,2,3,4)
(2,3,3,3)
Case 138:
(9,11,11,11)
(10,10,11,11)
Case 139:
(2,5)
(3,4)
Case 140:
(9,12,12,12)
(10,11,12,12)
(11,11,11,12)
Case 141:
(6,8)
(7,7)
Case 142:
(6,8,8)
(7,7,8)
Case 143:
(1,1,7,10,10)
(1,1,8,9,10)
(1,1,9,9,9)
(1,2,6,10,10)
(1,2,7,9,10)
(1,2,8,8,10)
(1,2,8,9,9)
(1,3,5,10,10)
(1,3,6,9,10)
(1,3,7,8,10)
(1,3,7,9,9)
(1,3,8,8,9)
(1,4,4,10,10)
(1,4,5,9,10)
(1,4,6,8,10)
(1,4,6,9,9)
(1,4,7,7,10)
(1,4,7,8,9)
(1,4,8,8,8)
(1,5,5,8,10)
(1,5,5,9,9)
(1,5,6,7,10)
(1,5,6,8,9)
(1,5,7,7,9)
(1,5,7,8,8)
(1,6,6,6,10)
(1,6,6,7,9)
(1,6,6,8,8)
(1,6,7,7,8)
(1,7,7,7,7)
(2,2,5,10,10)
(2,2,6,9,10)
(2,2,7,8,10)
(2,2,7,9,9)
(2,2,8,8,9)
(2,3,4,10,10)
(2,3,5,9,10)
(2,3,6,8,10)
(2,3,6,9,9)
(2,3,7,7,10)
(2,3,7,8,9)
(2,3,8,8,8)
(2,4,4,9,10)
(2,4,5,8,10)
(2,4,5,9,9)
(2,4,6,7,10)
(2,4,6,8,9)
(2,4,7,7,9)
(2,4,7,8,8)
(2,5,5,7,10)
(2,5,5,8,9)
(2,5,6,6,10)
(2,5,6,7,9)
(2,5,6,8,8)
(2,5,7,7,8)
(2,6,6,6,9)
(2,6,6,7,8)
(2,6,7,7,7)
(3,3,3,10,10)
(3,3,4,9,10)
(3,3,5,8,10)
(3,3,5,9,9)
(3,3,6,7,10)
(3,3,6,8,9)
(3,3,7,7,9)
(3,3,7,8,8)
(3,4,4,8,10)
(3,4,4,9,9)
(3,4,5,7,10)
(3,4,5,8,9)
(3,4,6,6,10)
(3,4,6,7,9)
(3,4,6,8,8)
(3,4,7,7,8)
(3,5,5,6,10)
(3,5,5,7,9)
(3,5,5,8,8)
(3,5,6,6,9)
(3,5,6,7,8)
(3,5,7,7,7)
(3,6,6,6,8)
(3,6,6,7,7)
(4,4,4,7,10)
(4,4,4,8,9)
(4,4,5,6,10)
(4,4,5,7,9)
(4,4,5,8,8)
(4,4,6,6,9)
(4,4,6,7,8)
(4,4,7,7,7)
(4,5,5,5,10)
(4,5,5,6,9)
(4,5,5,7,8)
(4,5,6,6,8)
(4,5,6,7,7)
(4,6,6,6,7)
(5,5,5,5,9)
(5,5,5,6,8)
(5,5,5,7,7)
(5,5,6,6,7)
(5,6,6,6,6)
Case 144:
(1,1,1,3,3,3)
(1,1,2,2,3,3)
(1,2,2,2,2,3)
(2,2,2,2,2,2)
Case 145:
(1,1,1,1,4)
(1,1,1,2,3)
(1,1,2,2,2)
Case 146:
(1,1,1,1,1,8)
(1,1,1,1,2,7)
(1,1,1,1,3,6)
(1,1,1,1,4,5)
(1,1,1,2,2,6)
(1,1,1,2,3,5)
(1,1,1,2,4,4)
(1,1,1,3,3,4)
(1,1,2,2,2,5)
(1,1,2,2,3,4)
(1,1,2,3,3,3)
(1,2,2,2,2,4)
(1,2,2,2,3,3)
(2,2,2,2,2,3)
Case 147:
(1,8,9,9,9)
(2,7,9,9,9)
(2,8,8,9,9)
(3,6,9,9,9)
(3,7,8,9,9)
(3,8,8,8,9)
(4,5,9,9,9)
(4,6,8,9,9)
(4,7,7,9,9)
(4,7,8,8,9)
(4,8,8,8,8)
(5,5,8,9,9)
(5,6,7,9,9)
(5,6,8,8,9)
(5,7,7,8,9)
(5,7,8,8,8)
(6,6,6,9,9)
(6,6,7,8,9)
(6,6,8,8,8)
(6,7,7,7,9)
(6,7,7,8,8)
(7,7,7,7,8)
Case 148:
(11,11,11,11,11)
Case 149:
(1,1,1,1,1,9)
(1,1,1,1,2,8)
(1,1,1,1,3,7)
(1,1,1,1,4,6)
(1,1,1,1,5,5)
(1,1,1,2,2,7)
(1,1,1,2,3,6)
(1,1,1,2,4,5)
(1,1,1,3,3,5)
(1,1,1,3,4,4)
(1,1,2,2,2,6)
(1,1,2,2,3,5)
(1,1,2,2,4,4)
(1,1,2,3,3,4)
(1,1,3,3,3,3)
(1,2,2,2,2,5)
(1,2,2,2,3,4)
(1,2,2,3,3,3)
(2,2,2,2,2,4)
(2,2,2,2,3,3)
Case 150:
(1,1,4,7)
(1,1,5,6)
(1,2,3,7)
(1,2,4,6)
(1,2,5,5)
(1,3,3,6)
(1,3,4,5)
(1,4,4,4)
(2,2,2,7)
(2,2,3,6)
(2,2,4,5)
(2,3,3,5)
(2,3,4,4)
(3,3,3,4)
Case 151:
(6,10,10)
(7,9,10)
(8,8,10)
(8,9,9)
Case 152:
(1,3,8,8,8,8)
(1,4,7,8,8,8)
(1,5,6,8,8,8)
(1,5,7,7,8,8)
(1,6,6,7,8,8)
(1,6,7,7,7,8)
(1,7,7,7,7,7)
(2,2,8,8,8,8)
(2,3,7,8,8,8)
(2,4,6,8,8,8)
(2,4,7,7,8,8)
(2,5,5,8,8,8)
(2,5,6,7,8,8)
(2,5,7,7,7,8)
(2,6,6,6,8,8)
(2,6,6,7,7,8)
(2,6,7,7,7,7)
(3,3,6,8,8,8)
(3,3,7,7,8,8)
(3,4,5,8,8,8)
(3,4,6,7,8,8)
(3,4,7,7,7,8)
(3,5,5,7,8,8)
(3,5,6,6,8,8)
(3,5,6,7,7,8)
(3,5,7,7,7,7)
(3,6,6,6,7,8)
(3,6,6,7,7,7)
(4,4,4,8,8,8)
(4,4,5,7,8,8)
(4,4,6,6,8,8)
(4,4,6,7,7,8)
(4,4,7,7,7,7)
(4,5,5,6,8,8)
(4,5,5,7,7,8)
(4,5,6,6,7,8)
(4,5,6,7,7,7)
(4,6,6,6,6,8)
(4,6,6,6,7,7)
(5,5,5,5,8,8)
(5,5,5,6,7,8)
(5,5,5,7,7,7)
(5,5,6,6,6,8)
(5,5,6,6,7,7)
(5,6,6,6,6,7)
(6,6,6,6,6,6)
Case 153:
(1,3)
(2,2)
Case 154:
(1,10,12)
(1,11,11)
(2,9,12)
(2,10,11)
(3,8,12)
(3,9,11)
(3,10,10)
(4,7,12)
(4,8,11)
(4,9,10)
(5,6,12)
(5,7,11)
(5,8,10)
(5,9,9)
(6,6,11)
(6,7,10)
(6,8,9)
(7,7,9)
(7,8,8)
Case 155:
(1,3)
(2,2)
Case 156:
(1,1,5,11)
(1,1,6,10)
(1,1,7,9)
(1,1,8,8)
(1,2,4,11)
(1,2,5,10)
(1,2,6,9)
(1,2,7,8)
(1,3,3,11)
(1,3,4,10)
(1,3,5,9)
(1,3,6,8)
(1,3,7,7)
(1,4,4,9)
(1,4,5,8)
(1,4,6,7)
(1,5,5,7)
(1,5,6,6)
(2,2,3,11)
(2,2,4,10)
(2,2,5,9)
(2,2,6,8)
(2,2,7,7)
(2,3,3,10)
(2,3,4,9)
(2,3,5,8)
(2,3,6,7)
(2,4,4,8)
(2,4,5,7)
(2,4,6,6)
(2,5,5,6)
(3,3,3,9)
(3,3,4,8)
(3,3,5,7)
(3,3,6,6)
(3,4,4,7)
(3,4,5,6)
(3,5,5,5)
(4,4,4,6)
(4,4,5,5)
Case 157:
(1,1,5,7)
(1,1,6,6)
(1,2,4,7)
(1,2,5,6)
(1,3,3,7)
(1,3,4,6)
(1,3,5,5)
(1,4,4,5)
(2,2,3,7)
(2,2,4,6)
(2,2,5,5)
(2,3,3,6)
(2,3,4,5)
(2,4,4,4)
(3,3,3,5)
(3,3,4,4)
Case 158:
(2,10,10)
(3,9,10)
(4,8,10)
(4,9,9)
(5,7,10)
(5,8,9)
(6,6,10)
(6,7,9)
(6,8,8)
(7,7,8)
Case 159:
(1,1,1)
Case 160:
(1,1,1,3)
(1,1,2,2)
Case 161:
(1,1,3)
(1,2,2)
Case 162:
(1,1,1,1,5)
(1,1,1,2,4)
(1,1,1,3,3)
(1,1,2,2,3)
(1,2,2,2,2)
Case 163:
(5,7,7,7)
(6,6,7,7)
Case 164:
(1,1,1,1,1,2)
Case 165:
(1,1,2,3)
(1,2,2,2)
Case 166:
(4,7)
(5,6)
Case 167:
(1,9)
(2,8)
(3,7)
(4,6)
(5,5)
Case 168:
(1,7,10,10,10)
(1,8,9,10,10)
(1,9,9,9,10)
(2,6,10,10,10)
(2,7,9,10,10)
(2,8,8,10,10)
(2,8,9,9,10)
(2,9,9,9,9)
(3,5,10,10,10)
(3,6,9,10,10)
(3,7,8,10,10)
(3,7,9,9,10)
(3,8,8,9,10)
(3,8,9,9,9)
(4,4,10,10,10)
(4,5,9,10,10)
(4,6,8,10,10)
(4,6,9,9,10)
(4,7,7,10,10)
(4,7,8,9,10)
(4,7,9,9,9)
(4,8,8,8,10)
(4,8,8,9,9)
(5,5,8,10,10)
(5,5,9,9,10)
(5,6,7,10,10)
(5,6,8,9,10)
(5,6,9,9,9)
(5,7,7,9,10)
(5,7,8,8,10)
(5,7,8,9,9)
(5,8,8,8,9)
(6,6,6,10,10)
(6,6,7,9,10)
(6,6,8,8,10)
(6,6,8,9,9)
(6,7,7,8,10)
(6,7,7,9,9)
(6,7,8,8,9)
(6,8,8,8,8)
(7,7,7,7,10)
(7,7,7,8,9)
(7,7,8,8,8)
Case 169:
(6,9,9)
(7,8,9)
(8,8,8)
Case 170:
(4,4,4)
Case 171:
(1,1,10,10)
(1,2,9,10)
(1,3,8,10)
(1,3,9,9)
(1,4,7,10)
(1,4,8,9)
(1,5,6,10)
(1,5,7,9)
(1,5,8,8)
(1,6,6,9)
(1,6,7,8)
(1,7,7,7)
(2,2,8,10)
(2,2,9,9)
(2,3,7,10)
(2,3,8,9)
(2,4,6,10)
(2,4,7,9)
(2,4,8,8)
(2,5,5,10)
(2,5,6,9)
(2,5,7,8)
(2,6,6,8)
(2,6,7,7)
(3,3,6,10)
(3,3,7,9)
(3,3,8,8)
(3,4,5,10)
(3,4,6,9)
(3,4,7,8)
(3,5,5,9)
(3,5,6,8)
(3,5,7,7)
(3,6,6,7)
(4,4,4,10)
(4,4,5,9)
(4,4,6,8)
(4,4,7,7)
(4,5,5,8)
(4,5,6,7)
(4,6,6,6)
(5,5,5,7)
(5,5,6,6)
Case 172:
(7,10,10,10,10)
(8,9,10,10,10)
(9,9,9,10,10)
Case 173:
(4,5,5,5,5)
Case 174:
(2,5,5)
(3,4,5)
(4,4,4)
Case 175:
(1,1,2,5,5)
(1,1,3,4,5)
(1,1,4,4,4)
(1,2,2,4,5)
(1,2,3,3,5)
(1,2,3,4,4)
(1,3,3,3,4)
(2,2,2,3,5)
(2,2,2,4,4)
(2,2,3,3,4)
(2,3,3,3,3)
Case 176:
(3,7)
(4,6)
(5,5)
Case 177:
(2,10)
(3,9)
(4,8)
(5,7)
(6,6)
Case 178:
(1,1,5,6,6)
(1,2,4,6,6)
(1,2,5,5,6)
(1,3,3,6,6)
(1,3,4,5,6)
(1,3,5,5,5)
(1,4,4,4,6)
(1,4,4,5,5)
(2,2,3,6,6)
(2,2,4,5,6)
(2,2,5,5,5)
(2,3,3,5,6)
(2,3,4,4,6)
(2,3,4,5,5)
(2,4,4,4,5)
(3,3,3,4,6)
(3,3,3,5,5)
(3,3,4,4,5)
(3,4,4,4,4)
Case 179:
(7,10,10)
(8,9,10)
(9,9,9)
Case 180:
(8,9)
Case 181:
(1,1,1,5,9,9)
(1,1,1,6,8,9)
(1,1,1,7,7,9)
(1,1,1,7,8,8)
(1,1,2,4,9,9)
(1,1,2,5,8,9)
(1,1,2,6,7,9)
(1,1,2,6,8,8)
(1,1,2,7,7,8)
(1,1,3,3,9,9)
(1,1,3,4,8,9)
(1,1,3,5,7,9)
(1,1,3,5,8,8)
(1,1,3,6,6,9)
(1,1,3,6,7,8)
(1,1,3,7,7,7)
(1,1,4,4,7,9)
(1,1,4,4,8,8)
(1,1,4,5,6,9)
(1,1,4,5,7,8)
(1,1,4,6,6,8)
(1,1,4,6,7,7)
(1,1,5,5,5,9)
(1,1,5,5,6,8)
(1,1,5,5,7,7)
(1,1,5,6,6,7)
(1,1,6,6,6,6)
(1,2,2,3,9,9)
(1,2,2,4,8,9)
(1,2,2,5,7,9)
(1,2,2,5,8,8)
(1,2,2,6,6,9)
(1,2,2,6,7,8)
(1,2,2,7,7,7)
(1,2,3,3,8,9)
(1,2,3,4,7,9)
(1,2,3,4,8,8)
(1,2,3,5,6,9)
(1,2,3,5,7,8)
(1,2,3,6,6,8)
(1,2,3,6,7,7)
(1,2,4,4,6,9)
(1,2,4,4,7,8)
(1,2,4,5,5,9)
(1,2,4,5,6,8)
(1,2,4,5,7,7)
(1,2,4,6,6,7)
(1,2,5,5,5,8)
(1,2,5,5,6,7)
(1,2,5,6,6,6)
(1,3,3,3,7,9)
(1,3,3,3,8,8)
(1,3,3,4,6,9)
(1,3,3,4,7,8)
(1,3,3,5,5,9)
(1,3,3,5,6,8)
(1,3,3,5,7,7)
(1,3,3,6,6,7)
(1,3,4,4,5,9)
(1,3,4,4,6,8)
(1,3,4,4,7,7)
(1,3,4,5,5,8)
(1,3,4,5,6,7)
(1,3,4,6,6,6)
(1,3,5,5,5,7)
(1,3,5,5,6,6)
(1,4,4,4,4,9)
(1,4,4,4,5,8)
(1,4,4,4,6,7)
(1,4,4,5,5,7)
(1,4,4,5,6,6)
(1,4,5,5,5,6)
(1,5,5,5,5,5)
(2,2,2,2,9,9)
(2,2,2,3,8,9)
(2,2,2,4,7,9)
(2,2,2,4,8,8)
(2,2,2,5,6,9)
(2,2,2,5,7,8)
(2,2,2,6,6,8)
(2,2,2,6,7,7)
(2,2,3,3,7,9)
(2,2,3,3,8,8)
(2,2,3,4,6,9)
(2,2,3,4,7,8)
(2,2,3,5,5,9)
(2,2,3,5,6,8)
(2,2,3,5,7,7)
(2,2,3,6,6,7)
(2,2,4,4,5,9)
(2,2,4,4,6,8)
(2,2,4,4,7,7)
(2,2,4,5,5,8)
(2,2,4,5,6,7)
(2,2,4,6,6,6)
(2,2,5,5,5,7)
(2,2,5,5,6,6)
(2,3,3,3,6,9)
(2,3,3,3,7,8)
(2,3,3,4,5,9)
(2,3,3,4,6,8)
(2,3,3,4,7,7)
(2,3,3,5,5,8)
(2,3,3,5,6,7)
(2,3,3,6,6,6)
(2,3,4,4,4,9)
(2,3,4,4,5,8)
(2,3,4,4,6,7)
(2,3,4,5,5,7)
(2,3,4,5,6,6)
(2,3,5,5,5,6)
(2,4,4,4,4,8)
(2,4,4,4,5,7)
(2,4,4,4,6,6)
(2,4,4,5,5,6)
(2,4,5,5,5,5)
(3,3,3,3,5,9)
(3,3,3,3,6,8)
(3,3,3,3,7,7)
(3,3,3,4,4,9)
(3,3,3,4,5,8)
(3,3,3,4,6,7)
(3,3,3,5,5,7)
(3,3,3,5,6,6)
(3,3,4,4,4,8)
(3,3,4,4,5,7)
(3,3,4,4,6,6)
(3,3,4,5,5,6)
(3,3,5,5,5,5)
(3,4,4,4,4,7)
(3,4,4,4,5,6)
(3,4,4,5,5,5)
(4,4,4,4,4,6)
(4,4,4,4,5,5)
Case 182:
(1,10,10)
(2,9,10)
(3,8,10)
(3,9,9)
(4,7,10)
(4,8,9)
(5,6,10)
(5,7,9)
(5,8,8)
(6,6,9)
(6,7,8)
(7,7,7)
Case 183:
(1,7,8,8)
(2,6,8,8)
(2,7,7,8)
(3,5,8,8)
(3,6,7,8)
(3,7,7,7)
(4,4,8,8)
(4,5,7,8)
(4,6,6,8)
(4,6,7,7)
(5,5,6,8)
(5,5,7,7)
(5,6,6,7)
(6,6,6,6)
Case 184:
(2,3,3)
Case 185:
(1,1,3,8,8)
(1,1,4,7,8)
(1,1,5,6,8)
(1,1,5,7,7)
(1,1,6,6,7)
(1,2,2,8,8)
(1,2,3,7,8)
(1,2,4,6,8)
(1,2,4,7,7)
(1,2,5,5,8)
(1,2,5,6,7)
(1,2,6,6,6)
(1,3,3,6,8)
(1,3,3,7,7)
(1,3,4,5,8)
(1,3,4,6,7)
(1,3,5,5,7)
(1,3,5,6,6)
(1,4,4,4,8)
(1,4,4,5,7)
(1,4,4,6,6)
(1,4,5,5,6)
(1,5,5,5,5)
(2,2,2,7,8)
(2,2,3,6,8)
(2,2,3,7,7)
(2,2,4,5,8)
(2,2,4,6,7)
(2,2,5,5,7)
(2,2,5,6,6)
(2,3,3,5,8)
(2,3,3,6,7)
(2,3,4,4,8)
(2,3,4,5,7)
(2,3,4,6,6)
(2,3,5,5,6)
(2,4,4,4,7)
(2,4,4,5,6)
(2,4,5,5,5)
(3,3,3,4,8)
(3,3,3,5,7)
(3,3,3,6,6)
(3,3,4,4,7)
(3,3,4,5,6)
(3,3,5,5,5)
(3,4,4,4,6)
(3,4,4,5,5)
(4,4,4,4,5)
Case 186:
(2,6)
(3,5)
(4,4)
Case 187:
(3,7,7)
(4,6,7)
(5,5,7)
(5,6,6)
Case 188:
(1,1,1,1,4)
(1,1,1,2,3)
(1,1,2,2,2)
Case 189:
(1,4)
(2,3)
Case 190:
(2,8)
(3,7)
(4,6)
(5,5)
Case 191:
(1,1,1,1,1,5)
(1,1,1,1,2,4)
(1,1,1,1,3,3)
(1,1,1,2,2,3)
(1,1,2,2,2,2)
Case 192:
(1,4,7,7)
(1,5,6,7)
(1,6,6,6)
(2,3,7,7)
(2,4,6,7)
(2,5,5,7)
(2,5,6,6)
(3,3,6,7)
(3,4,5,7)
(3,4,6,6)
(3,5,5,6)
(4,4,4,7)
(4,4,5,6)
(4,5,5,5)
Case 193:
(1,1,1,5,10,10)
(1,1,1,6,9,10)
(1,1,1,7,8,10)
(1,1,1,7,9,9)
(1,1,1,8,8,9)
(1,1,2,4,10,10)
(1,1,2,5,9,10)
(1,1,2,6,8,10)
(1,1,2,6,9,9)
(1,1,2,7,7,10)
(1,1,2,7,8,9)
(1,1,2,8,8,8)
(1,1,3,3,10,10)
(1,1,3,4,9,10)
(1,1,3,5,8,10)
(1,1,3,5,9,9)
(1,1,3,6,7,10)
(1,1,3,6,8,9)
(1,1,3,7,7,9)
(1,1,3,7,8,8)
(1,1,4,4,8,10)
(1,1,4,4,9,9)
(1,1,4,5,7,10)
(1,1,4,5,8,9)
(1,1,4,6,6,10)
(1,1,4,6,7,9)
(1,1,4,6,8,8)
(1,1,4,7,7,8)
(1,1,5,5,6,10)
(1,1,5,5,7,9)
(1,1,5,5,8,8)
(1,1,5,6,6,9)
(1,1,5,6,7,8)
(1,1,5,7,7,7)
(1,1,6,6,6,8)
(1,1,6,6,7,7)
(1,2,2,3,10,10)
(1,2,2,4,9,10)
(1,2,2,5,8,10)
(1,2,2,5,9,9)
(1,2,2,6,7,10)
(1,2,2,6,8,9)
(1,2,2,7,7,9)
(1,2,2,7,8,8)
(1,2,3,3,9,10)
(1,2,3,4,8,10)
(1,2,3,4,9,9)
(1,2,3,5,7,10)
(1,2,3,5,8,9)
(1,2,3,6,6,10)
(1,2,3,6,7,9)
(1,2,3,6,8,8)
(1,2,3,7,7,8)
(1,2,4,4,7,10)
(1,2,4,4,8,9)
(1,2,4,5,6,10)
(1,2,4,5,7,9)
(1,2,4,5,8,8)
(1,2,4,6,6,9)
(1,2,4,6,7,8)
(1,2,4,7,7,7)
(1,2,5,5,5,10)
(1,2,5,5,6,9)
(1,2,5,5,7,8)
(1,2,5,6,6,8)
(1,2,5,6,7,7)
(1,2,6,6,6,7)
(1,3,3,3,8,10)
(1,3,3,3,9,9)
(1,3,3,4,7,10)
(1,3,3,4,8,9)
(1,3,3,5,6,10)
(1,3,3,5,7,9)
(1,3,3,5,8,8)
(1,3,3,6,6,9)
(1,3,3,6,7,8)
(1,3,3,7,7,7)
(1,3,4,4,6,10)
(1,3,4,4,7,9)
(1,3,4,4,8,8)
(1,3,4,5,5,10)
(1,3,4,5,6,9)
(1,3,4,5,7,8)
(1,3,4,6,6,8)
(1,3,4,6,7,7)
(1,3,5,5,5,9)
(1,3,5,5,6,8)
(1,3,5,5,7,7)
(1,3,5,6,6,7)
(1,3,6,6,6,6)
(1,4,4,4,5,10)
(1,4,4,4,6,9)
(1,4,4,4,7,8)
(1,4,4,5,5,9)
(1,4,4,5,6,8)
(1,4,4,5,7,7)
(1,4,4,6,6,7)
(1,4,5,5,5,8)
(1,4,5,5,6,7)
(1,4,5,6,6,6)
(1,5,5,5,5,7)
(1,5,5,5,6,6)
(2,2,2,2,10,10)
(2,2,2,3,9,10)
(2,2,2,4,8,10)
(2,2,2,4,9,9)
(2,2,2,5,7,10)
(2,2,2,5,8,9)
(2,2,2,6,6,10)
(2,2,2,6,7,9)
(2,2,2,6,8,8)
(2,2,2,7,7,8)
(2,2,3,3,8,10)
(2,2,3,3,9,9)
(2,2,3,4,7,10)
(2,2,3,4,8,9)
(2,2,3,5,6,10)
(2,2,3,5,7,9)
(2,2,3,5,8,8)
(2,2,3,6,6,9)
(2,2,3,6,7,8)
(2,2,3,7,7,7)
(2,2,4,4,6,10)
(2,2,4,4,7,9)
(2,2,4,4,8,8)
(2,2,4,5,5,10)
(2,2,4,5,6,9)
(2,2,4,5,7,8)
(2,2,4,6,6,8)
(2,2,4,6,7,7)
(2,2,5,5,5,9)
(2,2,5,5,6,8)
(2,2,5,5,7,7)
(2,2,5,6,6,7)
(2,2,6,6,6,6)
(2,3,3,3,7,10)
(2,3,3,3,8,9)
(2,3,3,4,6,10)
(2,3,3,4,7,9)
(2,3,3,4,8,8)
(2,3,3,5,5,10)
(2,3,3,5,6,9)
(2,3,3,5,7,8)
(2,3,3,6,6,8)
(2,3,3,6,7,7)
(2,3,4,4,5,10)
(2,3,4,4,6,9)
(2,3,4,4,7,8)
(2,3,4,5,5,9)
(2,3,4,5,6,8)
(2,3,4,5,7,7)
(2,3,4,6,6,7)
(2,3,5,5,5,8)
(2,3,5,5,6,7)
(2,3,5,6,6,6)
(2,4,4,4,4,10)
(2,4,4,4,5,9)
(2,4,4,4,6,8)
(2,4,4,4,7,7)
(2,4,4,5,5,8)
(2,4,4,5,6,7)
(2,4,4,6,6,6)
(2,4,5,5,5,7)
(2,4,5,5,6,6)
(2,5,5,5,5,6)
(3,3,3,3,6,10)
(3,3,3,3,7,9)
(3,3,3,3,8,8)
(3,3,3,4,5,10)
(3,3,3,4,6,9)
(3,3,3,4,7,8)
(3,3,3,5,5,9)
(3,3,3,5,6,8)
(3,3,3,5,7,7)
(3,3,3,6,6,7)
(3,3,4,4,4,10)
(3,3,4,4,5,9)
(3,3,4,4,6,8)
(3,3,4,4,7,7)
(3,3,4,5,5,8)
(3,3,4,5,6,7)
(3,3,4,6,6,6)
(3,3,5,5,5,7)
(3,3,5,5,6,6)
(3,4,4,4,4,9)
(3,4,4,4,5,8)
(3,4,4,4,6,7)
(3,4,4,5,5,7)
(3,4,4,5,6,6)
(3,4,5,5,5,6)
(3,5,5,5,5,5)
(4,4,4,4,4,8)
(4,4,4,4,5,7)
(4,4,4,4,6,6)
(4,4,4,5,5,6)
(4,4,5,5,5,5)
Case 194:
(1,7)
(2,6)
(3,5)
(4,4)
Case 195:
(1,1,1,1,4)
(1,1,1,2,3)
(1,1,2,2,2)
Case 196:
(1,1,2,8)
(1,1,3,7)
(1,1,4,6)
(1,1,5,5)
(1,2,2,7)
(1,2,3,6)
(1,2,4,5)
(1,3,3,5)
(1,3,4,4)
(2,2,2,6)
(2,2,3,5)
(2,2,4,4)
(2,3,3,4)
(3,3,3,3)
Case 197:
(1,1,1,8,11,11)
(1,1,1,9,10,11)
(1,1,1,10,10,10)
(1,1,2,7,11,11)
(1,1,2,8,10,11)
(1,1,2,9,9,11)
(1,1,2,9,10,10)
(1,1,3,6,11,11)
(1,1,3,7,10,11)
(1,1,3,8,9,11)
(1,1,3,8,10,10)
(1,1,3,9,9,10)
(1,1,4,5,11,11)
(1,1,4,6,10,11)
(1,1,4,7,9,11)
(1,1,4,7,10,10)
(1,1,4,8,8,11)
(1,1,4,8,9,10)
(1,1,4,9,9,9)
(1,1,5,5,10,11)
(1,1,5,6,9,11)
(1,1,5,6,10,10)
(1,1,5,7,8,11)
(1,1,5,7,9,10)
(1,1,5,8,8,10)
(1,1,5,8,9,9)
(1,1,6,6,8,11)
(1,1,6,6,9,10)
(1,1,6,7,7,11)
(1,1,6,7,8,10)
(1,1,6,7,9,9)
(1,1,6,8,8,9)
(1,1,7,7,7,10)
(1,1,7,7,8,9)
(1,1,7,8,8,8)
(1,2,2,6,11,11)
(1,2,2,7,10,11)
(1,2,2,8,9,11)
(1,2,2,8,10,10)
(1,2,2,9,9,10)
(1,2,3,5,11,11)
(1,2,3,6,10,11)
(1,2,3,7,9,11)
(1,2,3,7,10,10)
(1,2,3,8,8,11)
(1,2,3,8,9,10)
(1,2,3,9,9,9)
(1,2,4,4,11,11)
(1,2,4,5,10,11)
(1,2,4,6,9,11)
(1,2,4,6,10,10)
(1,2,4,7,8,11)
(1,2,4,7,9,10)
(1,2,4,8,8,10)
(1,2,4,8,9,9)
(1,2,5,5,9,11)
(1,2,5,5,10,10)
(1,2,5,6,8,11)
(1,2,5,6,9,10)
(1,2,5,7,7,11)
(1,2,5,7,8,10)
(1,2,5,7,9,9)
(1,2,5,8,8,9)
(1,2,6,6,7,11)
(1,2,6,6,8,10)
(1,2,6,6,9,9)
(1,2,6,7,7,10)
(1,2,6,7,8,9)
(1,2,6,8,8,8)
(1,2,7,7,7,9)
(1,2,7,7,8,8)
(1,3,3,4,11,11)
(1,3,3,5,10,11)
(1,3,3,6,9,11)
(1,3,3,6,10,10)
(1,3,3,7,8,11)
(1,3,3,7,9,10)
(1,3,3,8,8,10)
(1,3,3,8,9,9)
(1,3,4,4,10,11)
(1,3,4,5,9,11)
(1,3,4,5,10,10)
(1,3,4,6,8,11)
(1,3,4,6,9,10)
(1,3,4,7,7,11)
(1,3,4,7,8,10)
(1,3,4,7,9,9)
(1,3,4,8,8,9)
(1,3,5,5,8,11)
(1,3,5,5,9,10)
(1,3,5,6,7,11)
(1,3,5,6,8,10)
(1,3,5,6,9,9)
(1,3,5,7,7,10)
(1,3,5,7,8,9)
(1,3,5,8,8,8)
(1,3,6,6,6,11)
(1,3,6,6,7,10)
(1,3,6,6,8,9)
(1,3,6,7,7,9)
(1,3,6,7,8,8)
(1,3,7,7,7,8)
(1,4,4,4,9,11)
(1,4,4,4,10,10)
(1,4,4,5,8,11)
(1,4,4,5,9,10)
(1,4,4,6,7,11)
(1,4,4,6,8,10)
(1,4,4,6,9,9)
(1,4,4,7,7,10)
(1,4,4,7,8,9)
(1,4,4,8,8,8)
(1,4,5,5,7,11)
(1,4,5,5,8,10)
(1,4,5,5,9,9)
(1,4,5,6,6,11)
(1,4,5,6,7,10)
(1,4,5,6,8,9)
(1,4,5,7,7,9)
(1,4,5,7,8,8)
(1,4,6,6,6,10)
(1,4,6,6,7,9)
(1,4,6,6,8,8)
(1,4,6,7,7,8)
(1,4,7,7,7,7)
(1,5,5,5,6,11)
(1,5,5,5,7,10)
(1,5,5,5,8,9)
(1,5,5,6,6,10)
(1,5,5,6,7,9)
(1,5,5,6,8,8)
(1,5,5,7,7,8)
(1,5,6,6,6,9)
(1,5,6,6,7,8)
(1,5,6,7,7,7)
(1,6,6,6,6,8)
(1,6,6,6,7,7)
(2,2,2,5,11,11)
(2,2,2,6,10,11)
(2,2,2,7,9,11)
(2,2,2,7,10,10)
(2,2,2,8,8,11)
(2,2,2,8,9,10)
(2,2,2,9,9,9)
(2,2,3,4,11,11)
(2,2,3,5,10,11)
(2,2,3,6,9,11)
(2,2,3,6,10,10)
(2,2,3,7,8,11)
(2,2,3,7,9,10)
(2,2,3,8,8,10)
(2,2,3,8,9,9)
(2,2,4,4,10,11)
(2,2,4,5,9,11)
(2,2,4,5,10,10)
(2,2,4,6,8,11)
(2,2,4,6,9,10)
(2,2,4,7,7,11)
(2,2,4,7,8,10)
(2,2,4,7,9,9)
(2,2,4,8,8,9)
(2,2,5,5,8,11)
(2,2,5,5,9,10)
(2,2,5,6,7,11)
(2,2,5,6,8,10)
(2,2,5,6,9,9)
(2,2,5,7,7,10)
(2,2,5,7,8,9)
(2,2,5,8,8,8)
(2,2,6,6,6,11)
(2,2,6,6,7,10)
(2,2,6,6,8,9)
(2,2,6,7,7,9)
(2,2,6,7,8,8)
(2,2,7,7,7,8)
(2,3,3,3,11,11)
(2,3,3,4,10,11)
(2,3,3,5,9,11)
(2,3,3,5,10,10)
(2,3,3,6,8,11)
(2,3,3,6,9,10)
(2,3,3,7,7,11)
(2,3,3,7,8,10)
(2,3,3,7,9,9)
(2,3,3,8,8,9)
(2,3,4,4,9,11)
(2,3,4,4,10,10)
(2,3,4,5,8,11)
(2,3,4,5,9,10)
(2,3,4,6,7,11)
(2,3,4,6,8,10)
(2,3,4,6,9,9)
(2,3,4,7,7,10)
(2,3,4,7,8,9)
(2,3,4,8,8,8)
(2,3,5,5,7,11)
(2,3,5,5,8,10)
(2,3,5,5,9,9)
(2,3,5,6,6,11)
(2,3,5,6,7,10)
(2,3,5,6,8,9)
(2,3,5,7,7,9)
(2,3,5,7,8,8)
(2,3,6,6,6,10)
(2,3,6,6,7,9)
(2,3,6,6,8,8)
(2,3,6,7,7,8)
(2,3,7,7,7,7)
(2,4,4,4,8,11)
(2,4,4,4,9,10)
(2,4,4,5,7,11)
(2,4,4,5,8,10)
(2,4,4,5,9,9)
(2,4,4,6,6,11)
(2,4,4,6,7,10)
(2,4,4,6,8,9)
(2,4,4,7,7,9)
(2,4,4,7,8,8)
(2,4,5,5,6,11)
(2,4,5,5,7,10)
(2,4,5,5,8,9)
(2,4,5,6,6,10)
(2,4,5,6,7,9)
(2,4,5,6,8,8)
(2,4,5,7,7,8)
(2,4,6,6,6,9)
(2,4,6,6,7,8)
(2,4,6,7,7,7)
(2,5,5,5,5,11)
(2,5,5,5,6,10)
(2,5,5,5,7,9)
(2,5,5,5,8,8)
(2,5,5,6,6,9)
(2,5,5,6,7,8)
(2,5,5,7,7,7)
(2,5,6,6,6,8)
(2,5,6,6,7,7)
(2,6,6,6,6,7)
(3,3,3,3,10,11)
(3,3,3,4,9,11)
(3,3,3,4,10,10)
(3,3,3,5,8,11)
(3,3,3,5,9,10)
(3,3,3,6,7,11)
(3,3,3,6,8,10)
(3,3,3,6,9,9)
(3,3,3,7,7,10)
(3,3,3,7,8,9)
(3,3,3,8,8,8)
(3,3,4,4,8,11)
(3,3,4,4,9,10)
(3,3,4,5,7,11)
(3,3,4,5,8,10)
(3,3,4,5,9,9)
(3,3,4,6,6,11)
(3,3,4,6,7,10)
(3,3,4,6,8,9)
(3,3,4,7,7,9)
(3,3,4,7,8,8)
(3,3,5,5,6,11)
(3,3,5,5,7,10)
(3,3,5,5,8,9)
(3,3,5,6,6,10)
(3,3,5,6,7,9)
(3,3,5,6,8,8)
(3,3,5,7,7,8)
(3,3,6,6,6,9)
(3,3,6,6,7,8)
(3,3,6,7,7,7)
(3,4,4,4,7,11)
(3,4,4,4,8,10)
(3,4,4,4,9,9)
(3,4,4,5,6,11)
(3,4,4,5,7,10)
(3,4,4,5,8,9)
(3,4,4,6,6,10)
(3,4,4,6,7,9)
(3,4,4,6,8,8)
(3,4,4,7,7,8)
(3,4,5,5,5,11)
(3,4,5,5,6,10)
(3,4,5,5,7,9)
(3,4,5,5,8,8)
(3,4,5,6,6,9)
(3,4,5,6,7,8)
(3,4,5,7,7,7)
(3,4,6,6,6,8)
(3,4,6,6,7,7)
(3,5,5,5,5,10)
(3,5,5,5,6,9)
(3,5,5,5,7,8)
(3,5,5,6,6,8)
(3,5,5,6,7,7)
(3,5,6,6,6,7)
(3,6,6,6,6,6)
(4,4,4,4,6,11)
(4,4,4,4,7,10)
(4,4,4,4,8,9)
(4,4,4,5,5,11)
(4,4,4,5,6,10)
(4,4,4,5,7,9)
(4,4,4,5,8,8)
(4,4,4,6,6,9)
(4,4,4,6,7,8)
(4,4,4,7,7,7)
(4,4,5,5,5,10)
(4,4,5,5,6,9)
(4,4,5,5,7,8)
(4,4,5,6,6,8)
(4,4,5,6,7,7)
(4,4,6,6,6,7)
(4,5,5,5,5,9)
(4,5,5,5,6,8)
(4,5,5,5,7,7)
(4,5,5,6,6,7)
(4,5,6,6,6,6)
(5,5,5,5,5,8)
(5,5,5,5,6,7)
(5,5,5,6,6,6)
Case 198:
(1,1,7,12,12,12)
(1,1,8,11,12,12)
(1,1,9,10,12,12)
(1,1,9,11,11,12)
(1,1,10,10,11,12)
(1,1,10,11,11,11)
(1,2,6,12,12,12)
(1,2,7,11,12,12)
(1,2,8,10,12,12)
(1,2,8,11,11,12)
(1,2,9,9,12,12)
(1,2,9,10,11,12)
(1,2,9,11,11,11)
(1,2,10,10,10,12)
(1,2,10,10,11,11)
(1,3,5,12,12,12)
(1,3,6,11,12,12)
(1,3,7,10,12,12)
(1,3,7,11,11,12)
(1,3,8,9,12,12)
(1,3,8,10,11,12)
(1,3,8,11,11,11)
(1,3,9,9,11,12)
(1,3,9,10,10,12)
(1,3,9,10,11,11)
(1,3,10,10,10,11)
(1,4,4,12,12,12)
(1,4,5,11,12,12)
(1,4,6,10,12,12)
(1,4,6,11,11,12)
(1,4,7,9,12,12)
(1,4,7,10,11,12)
(1,4,7,11,11,11)
(1,4,8,8,12,12)
(1,4,8,9,11,12)
(1,4,8,10,10,12)
(1,4,8,10,11,11)
(1,4,9,9,10,12)
(1,4,9,9,11,11)
(1,4,9,10,10,11)
(1,4,10,10,10,10)
(1,5,5,10,12,12)
(1,5,5,11,11,12)
(1,5,6,9,12,12)
(1,5,6,10,11,12)
(1,5,6,11,11,11)
(1,5,7,8,12,12)
(1,5,7,9,11,12)
(1,5,7,10,10,12)
(1,5,7,10,11,11)
(1,5,8,8,11,12)
(1,5,8,9,10,12)
(1,5,8,9,11,11)
(1,5,8,10,10,11)
(1,5,9,9,9,12)
(1,5,9,9,10,11)
(1,5,9,10,10,10)
(1,6,6,8,12,12)
(1,6,6,9,11,12)
(1,6,6,10,10,12)
(1,6,6,10,11,11)
(1,6,7,7,12,12)
(1,6,7,8,11,12)
(1,6,7,9,10,12)
(1,6,7,9,11,11)
(1,6,7,10,10,11)
(1,6,8,8,10,12)
(1,6,8,8,11,11)
(1,6,8,9,9,12)
(1,6,8,9,10,11)
(1,6,8,10,10,10)
(1,6,9,9,9,11)
(1,6,9,9,10,10)
(1,7,7,7,11,12)
(1,7,7,8,10,12)
(1,7,7,8,11,11)
(1,7,7,9,9,12)
(1,7,7,9,10,11)
(1,7,7,10,10,10)
(1,7,8,8,9,12)
(1,7,8,8,10,11)
(1,7,8,9,9,11)
(1,7,8,9,10,10)
(1,7,9,9,9,10)
(1,8,8,8,8,12)
(1,8,8,8,9,11)
(1,8,8,8,10,10)
(1,8,8,9,9,10)
(1,8,9,9,9,9)
(2,2,5,12,12,12)
(2,2,6,11,12,12)
(2,2,7,10,12,12)
(2,2,7,11,11,12)
(2,2,8,9,12,12)
(2,2,8,10,11,12)
(2,2,8,11,11,11)
(2,2,9,9,11,12)
(2,2,9,10,10,12)
(2,2,9,10,11,11)
(2,2,10,10,10,11)
(2,3,4,12,12,12)
(2,3,5,11,12,12)
(2,3,6,10,12,12)
(2,3,6,11,11,12)
(2,3,7,9,12,12)
(2,3,7,10,11,12)
(2,3,7,11,11,11)
(2,3,8,8,12,12)
(2,3,8,9,11,12)
(2,3,8,10,10,12)
(2,3,8,10,11,11)
(2,3,9,9,10,12)
(2,3,9,9,11,11)
(2,3,9,10,10,11)
(2,3,10,10,10,10)
(2,4,4,11,12,12)
(2,4,5,10,12,12)
(2,4,5,11,11,12)
(2,4,6,9,12,12)
(2,4,6,10,11,12)
(2,4,6,11,11,11)
(2,4,7,8,12,12)
(2,4,7,9,11,12)
(2,4,7,10,10,12)
(2,4,7,10,11,11)
(2,4,8,8,11,12)
(2,4,8,9,10,12)
(2,4,8,9,11,11)
(2,4,8,10,10,11)
(2,4,9,9,9,12)
(2,4,9,9,10,11)
(2,4,9,10,10,10)
(2,5,5,9,12,12)
(2,5,5,10,11,12)
(2,5,5,11,11,11)
(2,5,6,8,12,12)
(2,5,6,9,11,12)
(2,5,6,10,10,12)
(2,5,6,10,11,11)
(2,5,7,7,12,12)
(2,5,7,8,11,12)
(2,5,7,9,10,12)
(2,5,7,9,11,11)
(2,5,7,10,10,11)
(2,5,8,8,10,12)
(2,5,8,8,11,11)
(2,5,8,9,9,12)
(2,5,8,9,10,11)
(2,5,8,10,10,10)
(2,5,9,9,9,11)
(2,5,9,9,10,10)
(2,6,6,7,12,12)
(2,6,6,8,11,12)
(2,6,6,9,10,12)
(2,6,6,9,11,11)
(2,6,6,10,10,11)
(2,6,7,7,11,12)
(2,6,7,8,10,12)
(2,6,7,8,11,11)
(2,6,7,9,9,12)
(2,6,7,9,10,11)
(2,6,7,10,10,10)
(2,6,8,8,9,12)
(2,6,8,8,10,11)
(2,6,8,9,9,11)
(2,6,8,9,10,10)
(2,6,9,9,9,10)
(2,7,7,7,10,12)
(2,7,7,7,11,11)
(2,7,7,8,9,12)
(2,7,7,8,10,11)
(2,7,7,9,9,11)
(2,7,7,9,10,10)
(2,7,8,8,8,12)
(2,7,8,8,9,11)
(2,7,8,8,10,10)
(2,7,8,9,9,10)
(2,7,9,9,9,9)
(2,8,8,8,8,11)
(2,8,8,8,9,10)
(2,8,8,9,9,9)
(3,3,3,12,12,12)
(3,3,4,11,12,12)
(3,3,5,10,12,12)
(3,3,5,11,11,12)
(3,3,6,9,12,12)
(3,3,6,10,11,12)
(3,3,6,11,11,11)
(3,3,7,8,12,12)
(3,3,7,9,11,12)
(3,3,7,10,10,12)
(3,3,7,10,11,11)
(3,3,8,8,11,12)
(3,3,8,9,10,12)
(3,3,8,9,11,11)
(3,3,8,10,10,11)
(3,3,9,9,9,12)
(3,3,9,9,10,11)
(3,3,9,10,10,10)
(3,4,4,10,12,12)
(3,4,4,11,11,12)
(3,4,5,9,12,12)
(3,4,5,10,11,12)
(3,4,5,11,11,11)
(3,4,6,8,12,12)
(3,4,6,9,11,12)
(3,4,6,10,10,12)
(3,4,6,10,11,11)
(3,4,7,7,12,12)
(3,4,7,8,11,12)
(3,4,7,9,10,12)
(3,4,7,9,11,11)
(3,4,7,10,10,11)
(3,4,8,8,10,12)
(3,4,8,8,11,11)
(3,4,8,9,9,12)
(3,4,8,9,10,11)
(3,4,8,10,10,10)
(3,4,9,9,9,11)
(3,4,9,9,10,10)
(3,5,5,8,12,12)
(3,5,5,9,11,12)
(3,5,5,10,10,12)
(3,5,5,10,11,11)
(3,5,6,7,12,12)
(3,5,6,8,11,12)
(3,5,6,9,10,12)
(3,5,6,9,11,11)
(3,5,6,10,10,11)
(3,5,7,7,11,12)
(3,5,7,8,10,12)
(3,5,7,8,11,11)
(3,5,7,9,9,12)
(3,5,7,9,10,11)
(3,5,7,10,10,10)
(3,5,8,8,9,12)
(3,5,8,8,10,11)
(3,5,8,9,9,11)
(3,5,8,9,10,10)
(3,5,9,9,9,10)
(3,6,6,6,12,12)
(3,6,6,7,11,12)
(3,6,6,8,10,12)
(3,6,6,8,11,11)
(3,6,6,9,9,12)
(3,6,6,9,10,11)
(3,6,6,10,10,10)
(3,6,7,7,10,12)
(3,6,7,7,11,11)
(3,6,7,8,9,12)
(3,6,7,8,10,11)
(3,6,7,9,9,11)
(3,6,7,9,10,10)
(3,6,8,8,8,12)
(3,6,8,8,9,11)
(3,6,8,8,10,10)
(3,6,8,9,9,10)
(3,6,9,9,9,9)
(3,7,7,7,9,12)
(3,7,7,7,10,11)
(3,7,7,8,8,12)
(3,7,7,8,9,11)
(3,7,7,8,10,10)
(3,7,7,9,9,10)
(3,7,8,8,8,11)
(3,7,8,8,9,10)
(3,7,8,9,9,9)
(3,8,8,8,8,10)
(3,8,8,8,9,9)
(4,4,4,9,12,12)
(4,4,4,10,11,12)
(4,4,4,11,11,11)
(4,4,5,8,12,12)
(4,4,5,9,11,12)
(4,4,5,10,10,12)
(4,4,5,10,11,11)
(4,4,6,7,12,12)
(4,4,6,8,11,12)
(4,4,6,9,10,12)
(4,4,6,9,11,11)
(4,4,6,10,10,11)
(4,4,7,7,11,12)
(4,4,7,8,10,12)
(4,4,7,8,11,11)
(4,4,7,9,9,12)
(4,4,7,9,10,11)
(4,4,7,10,10,10)
(4,4,8,8,9,12)
(4,4,8,8,10,11)
(4,4,8,9,9,11)
(4,4,8,9,10,10)
(4,4,9,9,9,10)
(4,5,5,7,12,12)
(4,5,5,8,11,12)
(4,5,5,9,10,12)
(4,5,5,9,11,11)
(4,5,5,10,10,11)
(4,5,6,6,12,12)
(4,5,6,7,11,12)
(4,5,6,8,10,12)
(4,5,6,8,11,11)
(4,5,6,9,9,12)
(4,5,6,9,10,11)
(4,5,6,10,10,10)
(4,5,7,7,10,12)
(4,5,7,7,11,11)
(4,5,7,8,9,12)
(4,5,7,8,10,11)
(4,5,7,9,9,11)
(4,5,7,9,10,10)
(4,5,8,8,8,12)
(4,5,8,8,9,11)
(4,5,8,8,10,10)
(4,5,8,9,9,10)
(4,5,9,9,9,9)
(4,6,6,6,11,12)
(4,6,6,7,10,12)
(4,6,6,7,11,11)
(4,6,6,8,9,12)
(4,6,6,8,10,11)
(4,6,6,9,9,11)
(4,6,6,9,10,10)
(4,6,7,7,9,12)
(4,6,7,7,10,11)
(4,6,7,8,8,12)
(4,6,7,8,9,11)
(4,6,7,8,10,10)
(4,6,7,9,9,10)
(4,6,8,8,8,11)
(4,6,8,8,9,10)
(4,6,8,9,9,9)
(4,7,7,7,8,12)
(4,7,7,7,9,11)
(4,7,7,7,10,10)
(4,7,7,8,8,11)
(4,7,7,8,9,10)
(4,7,7,9,9,9)
(4,7,8,8,8,10)
(4,7,8,8,9,9)
(4,8,8,8,8,9)
(5,5,5,6,12,12)
(5,5,5,7,11,12)
(5,5,5,8,10,12)
(5,5,5,8,11,11)
(5,5,5,9,9,12)
(5,5,5,9,10,11)
(5,5,5,10,10,10)
(5,5,6,6,11,12)
(5,5,6,7,10,12)
(5,5,6,7,11,11)
(5,5,6,8,9,12)
(5,5,6,8,10,11)
(5,5,6,9,9,11)
(5,5,6,9,10,10)
(5,5,7,7,9,12)
(5,5,7,7,10,11)
(5,5,7,8,8,12)
(5,5,7,8,9,11)
(5,5,7,8,10,10)
(5,5,7,9,9,10)
(5,5,8,8,8,11)
(5,5,8,8,9,10)
(5,5,8,9,9,9)
(5,6,6,6,10,12)
(5,6,6,6,11,11)
(5,6,6,7,9,12)
(5,6,6,7,10,11)
(5,6,6,8,8,12)
(5,6,6,8,9,11)
(5,6,6,8,10,10)
(5,6,6,9,9,10)
(5,6,7,7,8,12)
(5,6,7,7,9,11)
(5,6,7,7,10,10)
(5,6,7,8,8,11)
(5,6,7,8,9,10)
(5,6,7,9,9,9)
(5,6,8,8,8,10)
(5,6,8,8,9,9)
(5,7,7,7,7,12)
(5,7,7,7,8,11)
(5,7,7,7,9,10)
(5,7,7,8,8,10)
(5,7,7,8,9,9)
(5,7,8,8,8,9)
(5,8,8,8,8,8)
(6,6,6,6,9,12)
(6,6,6,6,10,11)
(6,6,6,7,8,12)
(6,6,6,7,9,11)
(6,6,6,7,10,10)
(6,6,6,8,8,11)
(6,6,6,8,9,10)
(6,6,6,9,9,9)
(6,6,7,7,7,12)
(6,6,7,7,8,11)
(6,6,7,7,9,10)
(6,6,7,8,8,10)
(6,6,7,8,9,9)
(6,6,8,8,8,9)
(6,7,7,7,7,11)
(6,7,7,7,8,10)
(6,7,7,7,9,9)
(6,7,7,8,8,9)
(6,7,8,8,8,8)
(7,7,7,7,7,10)
(7,7,7,7,8,9)
(7,7,7,8,8,8)
Case 199:
(2,6,6,6,6,6)
(3,5,6,6,6,6)
(4,4,6,6,6,6)
(4,5,5,6,6,6)
(5,5,5,5,6,6)
Case 200:
(9,11,11,11)
(10,10,11,11)
